#
# There is insufficient memory for the Java Runtime Environment to continue.
# Native memory allocation (malloc) failed to allocate 1016816 bytes for Chunk::new
# Possible reasons:
#   The system is out of physical RAM or swap space
#   The process is running with CompressedOops enabled, and the Java Heap may be blocking the growth of the native heap
# Possible solutions:
#   Reduce memory load on the system
#   Increase physical memory or swap space
#   Check if swap backing store is full
#   Decrease Java heap size (-Xmx/-Xms)
#   Decrease number of Java threads
#   Decrease Java thread stack sizes (-Xss)
#   Set larger code cache with -XX:ReservedCodeCacheSize=
#   JVM is running with Unscaled Compressed Oops mode in which the Java heap is
#     placed in the first 4GB address space. The Java Heap base address is the
#     maximum limit for the native heap growth. Please use -XX:HeapBaseMinAddress
#     to set the Java Heap base and to place the Java Heap above 4GB virtual address.
# This output file may be truncated or incomplete.
#
#  Out of Memory Error (./src/hotspot/share/memory/arena.cpp:197), pid=26464, tid=5424
#
# JRE version: OpenJDK Runtime Environment (11.0.17+7) (build 11.0.17+7-LTS)
# Java VM: OpenJDK 64-Bit Server VM (11.0.17+7-LTS, mixed mode, tiered, compressed oops, g1 gc, windows-amd64)
# No core dump will be written. Minidumps are not enabled by default on client versions of Windows
#

---------------  S U M M A R Y ------------

Command Line: -Dmaven.multiModuleProjectDirectory=D:\javaproTeams30Backend -Dmaven.home=C:\Program Files\JetBrains\IntelliJ IDEA Community Edition 2021.2.2\plugins\maven\lib\maven3 -Dclassworlds.conf=C:\Program Files\JetBrains\IntelliJ IDEA Community Edition 2021.2.2\plugins\maven\lib\maven3\bin\m2.conf -Dmaven.ext.class.path=C:\Program Files\JetBrains\IntelliJ IDEA Community Edition 2021.2.2\plugins\maven\lib\maven-event-listener.jar -javaagent:C:\Program Files\JetBrains\IntelliJ IDEA Community Edition 2021.2.2\lib\idea_rt.jar=58474:C:\Program Files\JetBrains\IntelliJ IDEA Community Edition 2021.2.2\bin -Dfile.encoding=UTF-8 org.codehaus.classworlds.Launcher -Didea.version=2021.2.2 -DskipTests=true clean verify sonar:sonar -X\ -Dsonar.projectKey=Group \ -Dsonar.host.url=http:localhost:9000 \ -Dsonar.login=sqp_dafac3d59d8ee5f4f52ea6693ba6c6ee9ddcdb02 \ -Pcoverage

Host: AMD Ryzen 5 3500U with Radeon Vega Mobile Gfx  , 8 cores, 5G,  Windows 10 , 64 bit Build 19041 (10.0.19041.2364)
Time: Wed Feb  8 13:36:50 2023 RTZ 2 (s 10 , 64 bit Build 19041 (10.0.19041.2364) elapsed time: 346.157353 seconds (0d 0h 5m 46s)

---------------  T H R E A D  ---------------

Current thread (0x000002ca0f725000):  JavaThread "C2 CompilerThread0" daemon [_thread_in_native, id=5424, stack(0x000000f3e6200000,0x000000f3e6300000)]


Current CompileTask:
C2: 346158 16830  s    4       org.eclipse.jdt.internal.compiler.batch.ClasspathJar::getModulesDeclaringPackage (104 bytes)

Stack: [0x000000f3e6200000,0x000000f3e6300000]
Native frames: (J=compiled Java code, j=interpreted, Vv=VM code, C=native code)
V  [jvm.dll+0x61ae9a]
V  [jvm.dll+0x7a5c99]
V  [jvm.dll+0x7a7479]
V  [jvm.dll+0x7a7b63]
V  [jvm.dll+0x24e248]
V  [jvm.dll+0xc21fc]
V  [jvm.dll+0xc27bc]
V  [jvm.dll+0x2bff44]
V  [jvm.dll+0x529d3c]
V  [jvm.dll+0x20feeb]
V  [jvm.dll+0x209b24]
V  [jvm.dll+0x206c7b]
V  [jvm.dll+0x18a461]
V  [jvm.dll+0x216194]
V  [jvm.dll+0x2143db]
V  [jvm.dll+0x768a90]
V  [jvm.dll+0x7618f4]
V  [jvm.dll+0x619d05]
C  [ucrtbase.dll+0x21bb2]
C  [KERNEL32.DLL+0x17614]
C  [ntdll.dll+0x526a1]


---------------  P R O C E S S  ---------------

Threads class SMR info:
_java_thread_list=0x000002ca1ee60800, length=22, elements={
0x000002ca7031d000, 0x000002ca0f6d0800, 0x000002ca0f6fe000, 0x000002ca0f713800,
0x000002ca0f716800, 0x000002ca0f717000, 0x000002ca0f725000, 0x000002ca0f72a000,
0x000002ca0f72b000, 0x000002ca10177800, 0x000002ca102ef000, 0x000002ca1cd0c000,
0x000002ca1d3e2000, 0x000002ca20627800, 0x000002ca1f0e8800, 0x000002ca21f7b000,
0x000002ca21f78800, 0x000002ca21f79800, 0x000002ca21f7a800, 0x000002ca21f7c000,
0x000002ca21f77000, 0x000002ca21f76800
}

Java Threads: ( => current thread )
  0x000002ca7031d000 JavaThread "main" [_thread_in_native, id=27776, stack(0x000000f3e5600000,0x000000f3e5700000)]
  0x000002ca0f6d0800 JavaThread "Reference Handler" daemon [_thread_blocked, id=18592, stack(0x000000f3e5d00000,0x000000f3e5e00000)]
  0x000002ca0f6fe000 JavaThread "Finalizer" daemon [_thread_blocked, id=13908, stack(0x000000f3e5e00000,0x000000f3e5f00000)]
  0x000002ca0f713800 JavaThread "Signal Dispatcher" daemon [_thread_blocked, id=13428, stack(0x000000f3e5f00000,0x000000f3e6000000)]
  0x000002ca0f716800 JavaThread "Attach Listener" daemon [_thread_blocked, id=12980, stack(0x000000f3e6000000,0x000000f3e6100000)]
  0x000002ca0f717000 JavaThread "Service Thread" daemon [_thread_blocked, id=3004, stack(0x000000f3e6100000,0x000000f3e6200000)]
=>0x000002ca0f725000 JavaThread "C2 CompilerThread0" daemon [_thread_in_native, id=5424, stack(0x000000f3e6200000,0x000000f3e6300000)]
  0x000002ca0f72a000 JavaThread "C1 CompilerThread0" daemon [_thread_blocked, id=9736, stack(0x000000f3e6300000,0x000000f3e6400000)]
  0x000002ca0f72b000 JavaThread "Sweeper thread" daemon [_thread_blocked, id=16484, stack(0x000000f3e6400000,0x000000f3e6500000)]
  0x000002ca10177800 JavaThread "Common-Cleaner" daemon [_thread_blocked, id=24012, stack(0x000000f3e6500000,0x000000f3e6600000)]
  0x000002ca102ef000 JavaThread "Monitor Ctrl-Break" daemon [_thread_in_native, id=28224, stack(0x000000f3e6600000,0x000000f3e6700000)]
  0x000002ca1cd0c000 JavaThread "resolver-1" daemon [_thread_blocked, id=16792, stack(0x000000f3e6c00000,0x000000f3e6d00000)]
  0x000002ca1d3e2000 JavaThread "resolver-2" daemon [_thread_blocked, id=3864, stack(0x000000f3e6d00000,0x000000f3e6e00000)]
  0x000002ca20627800 JavaThread "resolver-3" daemon [_thread_blocked, id=10708, stack(0x000000f3e6a00000,0x000000f3e6b00000)]
  0x000002ca1f0e8800 JavaThread "resolver-4" daemon [_thread_blocked, id=27444, stack(0x000000f3e6b00000,0x000000f3e6c00000)]
  0x000002ca21f7b000 JavaThread "OkHttp ConnectionPool" daemon [_thread_blocked, id=7604, stack(0x000000f3e7500000,0x000000f3e7600000)]
  0x000002ca21f78800 JavaThread "Okio Watchdog" daemon [_thread_blocked, id=4324, stack(0x000000f3e7600000,0x000000f3e7700000)]
  0x000002ca21f79800 JavaThread "OkHttp TaskRunner" daemon [_thread_blocked, id=18028, stack(0x000000f3e7900000,0x000000f3e7a00000)]
  0x000002ca21f7a800 JavaThread "Okio Watchdog" daemon [_thread_blocked, id=12752, stack(0x000000f3e7d00000,0x000000f3e7e00000)]
  0x000002ca21f7c000 JavaThread "HttpClient-1-SelectorManager" daemon [_thread_in_native, id=23060, stack(0x000000f3e7e00000,0x000000f3e7f00000)]
  0x000002ca21f77000 JavaThread "JGit-WorkQueue" daemon [_thread_blocked, id=22240, stack(0x000000f3e7300000,0x000000f3e7400000)]
  0x000002ca21f76800 JavaThread "Report about progress of Java AST analyzer" daemon [_thread_blocked, id=28388, stack(0x000000f3e7200000,0x000000f3e7300000)]

Other Threads:
  0x000002ca0f6cd000 VMThread "VM Thread" [stack: 0x000000f3e5c00000,0x000000f3e5d00000] [id=19964]
  0x000002ca102f3000 WatcherThread [stack: 0x000000f3e6700000,0x000000f3e6800000] [id=21320]
  0x000002ca70336000 GCTaskThread "GC Thread#0" [stack: 0x000000f3e5700000,0x000000f3e5800000] [id=5176]
  0x000002ca10b7d800 GCTaskThread "GC Thread#1" [stack: 0x000000f3e6800000,0x000000f3e6900000] [id=28660]
  0x000002ca1bd63000 GCTaskThread "GC Thread#2" [stack: 0x000000f3e5300000,0x000000f3e5400000] [id=16292]
  0x000002ca1c2a6000 GCTaskThread "GC Thread#3" [stack: 0x000000f3e6e00000,0x000000f3e6f00000] [id=21464]
  0x000002ca1c2a6800 GCTaskThread "GC Thread#4" [stack: 0x000000f3e6f00000,0x000000f3e7000000] [id=20768]
  0x000002ca20414000 GCTaskThread "GC Thread#5" [stack: 0x000000f3e7a00000,0x000000f3e7b00000] [id=14236]
  0x000002ca1ed0b800 GCTaskThread "GC Thread#6" [stack: 0x000000f3e7b00000,0x000000f3e7c00000] [id=16464]
  0x000002ca108b2000 GCTaskThread "GC Thread#7" [stack: 0x000000f3e7c00000,0x000000f3e7d00000] [id=8964]
  0x000002ca7035c000 ConcurrentGCThread "G1 Main Marker" [stack: 0x000000f3e5800000,0x000000f3e5900000] [id=10204]
  0x000002ca7035e000 ConcurrentGCThread "G1 Conc#0" [stack: 0x000000f3e5900000,0x000000f3e5a00000] [id=12588]
  0x000002ca10636000 ConcurrentGCThread "G1 Conc#1" [stack: 0x000000f3e6900000,0x000000f3e6a00000] [id=12748]
  0x000002ca703e8000 ConcurrentGCThread "G1 Refine#0" [stack: 0x000000f3e5a00000,0x000000f3e5b00000] [id=17908]
  0x000002ca1eed3800 ConcurrentGCThread "G1 Refine#1" [stack: 0x000000f3e5400000,0x000000f3e5500000] [id=19620]
  0x000002ca1fe57800 ConcurrentGCThread "G1 Refine#2" [stack: 0x000000f3e5500000,0x000000f3e5600000] [id=14580]
  0x000002ca1ccb8000 ConcurrentGCThread "G1 Refine#3" [stack: 0x000000f3e7000000,0x000000f3e7100000] [id=2376]
  0x000002ca2151d000 ConcurrentGCThread "G1 Refine#4" [stack: 0x000000f3e7100000,0x000000f3e7200000] [id=11268]
  0x000002ca703ea000 ConcurrentGCThread "G1 Young RemSet Sampling" [stack: 0x000000f3e5b00000,0x000000f3e5c00000] [id=25884]

Threads with active compile tasks:
C2 CompilerThread0   346257 16830  s    4       org.eclipse.jdt.internal.compiler.batch.ClasspathJar::getModulesDeclaringPackage (104 bytes)

VM state:not at safepoint (normal execution)

VM Mutex/Monitor currently owned by a thread: None

Heap address: 0x00000000a1e00000, size: 1506 MB, Compressed Oops mode: 32-bit
Narrow klass base: 0x0000000000000000, Narrow klass shift: 3
Compressed class space size: 1073741824 Address: 0x0000000100000000

Heap:
 garbage-first heap   total 253952K, used 166034K [0x00000000a1e00000, 0x0000000100000000)
  region size 1024K, 81 young (82944K), 10 survivors (10240K)
 Metaspace       used 110358K, capacity 113883K, committed 114048K, reserved 1148928K
  class space    used 12804K, capacity 14081K, committed 14208K, reserved 1048576K
Heap Regions: E=young(eden), S=young(survivor), O=old, HS=humongous(starts), HC=humongous(continues), CS=collection set, F=free, A=archive, TAMS=top-at-mark-start (previous, next)
|   0|0x00000000a1e00000, 0x00000000a1f00000, 0x00000000a1f00000|100%| O|  |TAMS 0x00000000a1f00000, 0x00000000a1e00000| Untracked 
|   1|0x00000000a1f00000, 0x00000000a2000000, 0x00000000a2000000|100%| O|  |TAMS 0x00000000a2000000, 0x00000000a1f00000| Untracked 
|   2|0x00000000a2000000, 0x00000000a2100000, 0x00000000a2100000|100%| O|  |TAMS 0x00000000a2100000, 0x00000000a2000000| Untracked 
|   3|0x00000000a2100000, 0x00000000a2200000, 0x00000000a2200000|100%| O|  |TAMS 0x00000000a2200000, 0x00000000a2100000| Untracked 
|   4|0x00000000a2200000, 0x00000000a2300000, 0x00000000a2300000|100%| O|  |TAMS 0x00000000a2300000, 0x00000000a2200000| Untracked 
|   5|0x00000000a2300000, 0x00000000a2400000, 0x00000000a2400000|100%| O|  |TAMS 0x00000000a2400000, 0x00000000a2300000| Untracked 
|   6|0x00000000a2400000, 0x00000000a2500000, 0x00000000a2500000|100%| O|  |TAMS 0x00000000a2500000, 0x00000000a2400000| Untracked 
|   7|0x00000000a2500000, 0x00000000a2600000, 0x00000000a2600000|100%| O|  |TAMS 0x00000000a2600000, 0x00000000a2500000| Untracked 
|   8|0x00000000a2600000, 0x00000000a2700000, 0x00000000a2700000|100%| O|  |TAMS 0x00000000a2700000, 0x00000000a2600000| Untracked 
|   9|0x00000000a2700000, 0x00000000a2800000, 0x00000000a2800000|100%| O|  |TAMS 0x00000000a2800000, 0x00000000a2700000| Untracked 
|  10|0x00000000a2800000, 0x00000000a2900000, 0x00000000a2900000|100%| O|  |TAMS 0x00000000a2900000, 0x00000000a2800000| Untracked 
|  11|0x00000000a2900000, 0x00000000a2a00000, 0x00000000a2a00000|100%| O|  |TAMS 0x00000000a2a00000, 0x00000000a2900000| Untracked 
|  12|0x00000000a2a00000, 0x00000000a2b00000, 0x00000000a2b00000|100%| O|  |TAMS 0x00000000a2b00000, 0x00000000a2a00000| Untracked 
|  13|0x00000000a2b00000, 0x00000000a2c00000, 0x00000000a2c00000|100%| O|  |TAMS 0x00000000a2c00000, 0x00000000a2b00000| Untracked 
|  14|0x00000000a2c00000, 0x00000000a2d00000, 0x00000000a2d00000|100%| O|  |TAMS 0x00000000a2c00000, 0x00000000a2c00000| Untracked 
|  15|0x00000000a2d00000, 0x00000000a2e00000, 0x00000000a2e00000|100%| O|  |TAMS 0x00000000a2e00000, 0x00000000a2d00000| Untracked 
|  16|0x00000000a2e00000, 0x00000000a2f00000, 0x00000000a2f00000|100%| O|  |TAMS 0x00000000a2f00000, 0x00000000a2e00000| Untracked 
|  17|0x00000000a2f00000, 0x00000000a3000000, 0x00000000a3000000|100%|HS|  |TAMS 0x00000000a2f00000, 0x00000000a2f00000| Complete 
|  18|0x00000000a3000000, 0x00000000a3100000, 0x00000000a3100000|100%| O|  |TAMS 0x00000000a3000000, 0x00000000a3000000| Untracked 
|  19|0x00000000a3100000, 0x00000000a3200000, 0x00000000a3200000|100%|HS|  |TAMS 0x00000000a3100000, 0x00000000a3100000| Complete 
|  20|0x00000000a3200000, 0x00000000a3300000, 0x00000000a3300000|100%| O|  |TAMS 0x00000000a3300000, 0x00000000a3200000| Untracked 
|  21|0x00000000a3300000, 0x00000000a3400000, 0x00000000a3400000|100%| O|  |TAMS 0x00000000a3400000, 0x00000000a3300000| Untracked 
|  22|0x00000000a3400000, 0x00000000a3500000, 0x00000000a3500000|100%| O|  |TAMS 0x00000000a3500000, 0x00000000a3400000| Untracked 
|  23|0x00000000a3500000, 0x00000000a3600000, 0x00000000a3600000|100%| O|  |TAMS 0x00000000a3500000, 0x00000000a3500000| Untracked 
|  24|0x00000000a3600000, 0x00000000a3700000, 0x00000000a3700000|100%| O|  |TAMS 0x00000000a3700000, 0x00000000a3600000| Untracked 
|  25|0x00000000a3700000, 0x00000000a3800000, 0x00000000a3800000|100%| O|  |TAMS 0x00000000a3700000, 0x00000000a3700000| Untracked 
|  26|0x00000000a3800000, 0x00000000a3900000, 0x00000000a3900000|100%| O|  |TAMS 0x00000000a3800000, 0x00000000a3800000| Untracked 
|  27|0x00000000a3900000, 0x00000000a3a00000, 0x00000000a3a00000|100%| O|  |TAMS 0x00000000a3900000, 0x00000000a3900000| Untracked 
|  28|0x00000000a3a00000, 0x00000000a3b00000, 0x00000000a3b00000|100%| O|  |TAMS 0x00000000a3a00000, 0x00000000a3a00000| Untracked 
|  29|0x00000000a3b00000, 0x00000000a3c00000, 0x00000000a3c00000|100%| O|  |TAMS 0x00000000a3b00000, 0x00000000a3b00000| Untracked 
|  30|0x00000000a3c00000, 0x00000000a3d00000, 0x00000000a3d00000|100%| O|  |TAMS 0x00000000a3c00000, 0x00000000a3c00000| Untracked 
|  31|0x00000000a3d00000, 0x00000000a3e00000, 0x00000000a3e00000|100%|HS|  |TAMS 0x00000000a3e00000, 0x00000000a3d00000| Complete 
|  32|0x00000000a3e00000, 0x00000000a3e00000, 0x00000000a3f00000|  0%| F|  |TAMS 0x00000000a3e00000, 0x00000000a3e00000| Untracked 
|  33|0x00000000a3f00000, 0x00000000a4000000, 0x00000000a4000000|100%| O|  |TAMS 0x00000000a3f00000, 0x00000000a3f00000| Untracked 
|  34|0x00000000a4000000, 0x00000000a4100000, 0x00000000a4100000|100%| O|  |TAMS 0x00000000a4000000, 0x00000000a4000000| Untracked 
|  35|0x00000000a4100000, 0x00000000a4200000, 0x00000000a4200000|100%| O|  |TAMS 0x00000000a4100000, 0x00000000a4100000| Untracked 
|  36|0x00000000a4200000, 0x00000000a4200000, 0x00000000a4300000|  0%| F|  |TAMS 0x00000000a4200000, 0x00000000a4200000| Untracked 
|  37|0x00000000a4300000, 0x00000000a4300000, 0x00000000a4400000|  0%| F|  |TAMS 0x00000000a4300000, 0x00000000a4300000| Untracked 
|  38|0x00000000a4400000, 0x00000000a4500000, 0x00000000a4500000|100%| O|  |TAMS 0x00000000a4400000, 0x00000000a4400000| Untracked 
|  39|0x00000000a4500000, 0x00000000a4567e00, 0x00000000a4600000| 40%| O|  |TAMS 0x00000000a4500000, 0x00000000a4500000| Untracked 
|  40|0x00000000a4600000, 0x00000000a4600000, 0x00000000a4700000|  0%| F|  |TAMS 0x00000000a4600000, 0x00000000a4600000| Untracked 
|  41|0x00000000a4700000, 0x00000000a4700000, 0x00000000a4800000|  0%| F|  |TAMS 0x00000000a4700000, 0x00000000a4700000| Untracked 
|  42|0x00000000a4800000, 0x00000000a4800000, 0x00000000a4900000|  0%| F|  |TAMS 0x00000000a4800000, 0x00000000a4800000| Untracked 
|  43|0x00000000a4900000, 0x00000000a4900000, 0x00000000a4a00000|  0%| F|  |TAMS 0x00000000a4900000, 0x00000000a4900000| Untracked 
|  44|0x00000000a4a00000, 0x00000000a4a00000, 0x00000000a4b00000|  0%| F|  |TAMS 0x00000000a4a00000, 0x00000000a4a00000| Untracked 
|  45|0x00000000a4b00000, 0x00000000a4b00000, 0x00000000a4c00000|  0%| F|  |TAMS 0x00000000a4b00000, 0x00000000a4b00000| Untracked 
|  46|0x00000000a4c00000, 0x00000000a4c00000, 0x00000000a4d00000|  0%| F|  |TAMS 0x00000000a4c00000, 0x00000000a4c00000| Untracked 
|  47|0x00000000a4d00000, 0x00000000a4e00000, 0x00000000a4e00000|100%|HS|  |TAMS 0x00000000a4e00000, 0x00000000a4d00000| Complete 
|  48|0x00000000a4e00000, 0x00000000a4f00000, 0x00000000a4f00000|100%|HC|  |TAMS 0x00000000a4f00000, 0x00000000a4e00000| Complete 
|  49|0x00000000a4f00000, 0x00000000a4f00000, 0x00000000a5000000|  0%| F|  |TAMS 0x00000000a4f00000, 0x00000000a4f00000| Untracked 
|  50|0x00000000a5000000, 0x00000000a5000000, 0x00000000a5100000|  0%| F|  |TAMS 0x00000000a5000000, 0x00000000a5000000| Untracked 
|  51|0x00000000a5100000, 0x00000000a5100000, 0x00000000a5200000|  0%| F|  |TAMS 0x00000000a5100000, 0x00000000a5100000| Untracked 
|  52|0x00000000a5200000, 0x00000000a5200000, 0x00000000a5300000|  0%| F|  |TAMS 0x00000000a5200000, 0x00000000a5200000| Untracked 
|  53|0x00000000a5300000, 0x00000000a5400000, 0x00000000a5400000|100%| O|  |TAMS 0x00000000a5400000, 0x00000000a5300000| Untracked 
|  54|0x00000000a5400000, 0x00000000a5500000, 0x00000000a5500000|100%| O|  |TAMS 0x00000000a5500000, 0x00000000a5400000| Untracked 
|  55|0x00000000a5500000, 0x00000000a5600000, 0x00000000a5600000|100%| O|  |TAMS 0x00000000a5600000, 0x00000000a5500000| Untracked 
|  56|0x00000000a5600000, 0x00000000a5700000, 0x00000000a5700000|100%| O|  |TAMS 0x00000000a5700000, 0x00000000a5600000| Untracked 
|  57|0x00000000a5700000, 0x00000000a5800000, 0x00000000a5800000|100%| O|  |TAMS 0x00000000a5800000, 0x00000000a5700000| Untracked 
|  58|0x00000000a5800000, 0x00000000a5900000, 0x00000000a5900000|100%| O|  |TAMS 0x00000000a5900000, 0x00000000a5800000| Untracked 
|  59|0x00000000a5900000, 0x00000000a5a00000, 0x00000000a5a00000|100%| O|  |TAMS 0x00000000a5a00000, 0x00000000a5900000| Untracked 
|  60|0x00000000a5a00000, 0x00000000a5a00000, 0x00000000a5b00000|  0%| F|  |TAMS 0x00000000a5a00000, 0x00000000a5a00000| Untracked 
|  61|0x00000000a5b00000, 0x00000000a5b00000, 0x00000000a5c00000|  0%| F|  |TAMS 0x00000000a5b00000, 0x00000000a5b00000| Untracked 
|  62|0x00000000a5c00000, 0x00000000a5c00000, 0x00000000a5d00000|  0%| F|  |TAMS 0x00000000a5c00000, 0x00000000a5c00000| Untracked 
|  63|0x00000000a5d00000, 0x00000000a5d00000, 0x00000000a5e00000|  0%| F|  |TAMS 0x00000000a5d00000, 0x00000000a5d00000| Untracked 
|  64|0x00000000a5e00000, 0x00000000a5e00000, 0x00000000a5f00000|  0%| F|  |TAMS 0x00000000a5e00000, 0x00000000a5e00000| Untracked 
|  65|0x00000000a5f00000, 0x00000000a5f00000, 0x00000000a6000000|  0%| F|  |TAMS 0x00000000a5f00000, 0x00000000a5f00000| Untracked 
|  66|0x00000000a6000000, 0x00000000a6100000, 0x00000000a6100000|100%| O|  |TAMS 0x00000000a6100000, 0x00000000a6000000| Untracked 
|  67|0x00000000a6100000, 0x00000000a6100000, 0x00000000a6200000|  0%| F|  |TAMS 0x00000000a6100000, 0x00000000a6100000| Untracked 
|  68|0x00000000a6200000, 0x00000000a6200000, 0x00000000a6300000|  0%| F|  |TAMS 0x00000000a6200000, 0x00000000a6200000| Untracked 
|  69|0x00000000a6300000, 0x00000000a6300000, 0x00000000a6400000|  0%| F|  |TAMS 0x00000000a6300000, 0x00000000a6300000| Untracked 
|  70|0x00000000a6400000, 0x00000000a6400000, 0x00000000a6500000|  0%| F|  |TAMS 0x00000000a6400000, 0x00000000a6400000| Untracked 
|  71|0x00000000a6500000, 0x00000000a6600000, 0x00000000a6600000|100%| O|  |TAMS 0x00000000a6600000, 0x00000000a6500000| Untracked 
|  72|0x00000000a6600000, 0x00000000a6600000, 0x00000000a6700000|  0%| F|  |TAMS 0x00000000a6600000, 0x00000000a6600000| Untracked 
|  73|0x00000000a6700000, 0x00000000a6700000, 0x00000000a6800000|  0%| F|  |TAMS 0x00000000a6700000, 0x00000000a6700000| Untracked 
|  74|0x00000000a6800000, 0x00000000a6900000, 0x00000000a6900000|100%| O|  |TAMS 0x00000000a6900000, 0x00000000a6800000| Untracked 
|  75|0x00000000a6900000, 0x00000000a6a00000, 0x00000000a6a00000|100%| O|  |TAMS 0x00000000a6a00000, 0x00000000a6900000| Untracked 
|  76|0x00000000a6a00000, 0x00000000a6b00000, 0x00000000a6b00000|100%| O|  |TAMS 0x00000000a6b00000, 0x00000000a6a00000| Untracked 
|  77|0x00000000a6b00000, 0x00000000a6b00000, 0x00000000a6c00000|  0%| F|  |TAMS 0x00000000a6b00000, 0x00000000a6b00000| Untracked 
|  78|0x00000000a6c00000, 0x00000000a6c00000, 0x00000000a6d00000|  0%| F|  |TAMS 0x00000000a6c00000, 0x00000000a6c00000| Untracked 
|  79|0x00000000a6d00000, 0x00000000a6d00000, 0x00000000a6e00000|  0%| F|  |TAMS 0x00000000a6d00000, 0x00000000a6d00000| Untracked 
|  80|0x00000000a6e00000, 0x00000000a6e00000, 0x00000000a6f00000|  0%| F|  |TAMS 0x00000000a6e00000, 0x00000000a6e00000| Untracked 
|  81|0x00000000a6f00000, 0x00000000a7000000, 0x00000000a7000000|100%| O|  |TAMS 0x00000000a7000000, 0x00000000a6f00000| Untracked 
|  82|0x00000000a7000000, 0x00000000a7100000, 0x00000000a7100000|100%| O|  |TAMS 0x00000000a7100000, 0x00000000a7000000| Untracked 
|  83|0x00000000a7100000, 0x00000000a7200000, 0x00000000a7200000|100%| O|  |TAMS 0x00000000a7200000, 0x00000000a7100000| Untracked 
|  84|0x00000000a7200000, 0x00000000a7300000, 0x00000000a7300000|100%| O|  |TAMS 0x00000000a7300000, 0x00000000a7200000| Untracked 
|  85|0x00000000a7300000, 0x00000000a7400000, 0x00000000a7400000|100%| O|  |TAMS 0x00000000a7400000, 0x00000000a7300000| Untracked 
|  86|0x00000000a7400000, 0x00000000a7500000, 0x00000000a7500000|100%| O|  |TAMS 0x00000000a7500000, 0x00000000a7400000| Untracked 
|  87|0x00000000a7500000, 0x00000000a7600000, 0x00000000a7600000|100%| O|  |TAMS 0x00000000a7600000, 0x00000000a7500000| Untracked 
|  88|0x00000000a7600000, 0x00000000a7700000, 0x00000000a7700000|100%| O|  |TAMS 0x00000000a7700000, 0x00000000a7600000| Untracked 
|  89|0x00000000a7700000, 0x00000000a7800000, 0x00000000a7800000|100%| O|  |TAMS 0x00000000a7800000, 0x00000000a7700000| Untracked 
|  90|0x00000000a7800000, 0x00000000a7900000, 0x00000000a7900000|100%| O|  |TAMS 0x00000000a7900000, 0x00000000a7800000| Untracked 
|  91|0x00000000a7900000, 0x00000000a7a00000, 0x00000000a7a00000|100%| O|  |TAMS 0x00000000a7a00000, 0x00000000a7900000| Untracked 
|  92|0x00000000a7a00000, 0x00000000a7b00000, 0x00000000a7b00000|100%| O|  |TAMS 0x00000000a7b00000, 0x00000000a7a00000| Untracked 
|  93|0x00000000a7b00000, 0x00000000a7c00000, 0x00000000a7c00000|100%| O|  |TAMS 0x00000000a7c00000, 0x00000000a7b00000| Untracked 
|  94|0x00000000a7c00000, 0x00000000a7c00000, 0x00000000a7d00000|  0%| F|  |TAMS 0x00000000a7c00000, 0x00000000a7c00000| Untracked 
|  95|0x00000000a7d00000, 0x00000000a7e00000, 0x00000000a7e00000|100%| O|  |TAMS 0x00000000a7e00000, 0x00000000a7d00000| Untracked 
|  96|0x00000000a7e00000, 0x00000000a7f00000, 0x00000000a7f00000|100%| O|  |TAMS 0x00000000a7f00000, 0x00000000a7e00000| Untracked 
|  97|0x00000000a7f00000, 0x00000000a8000000, 0x00000000a8000000|100%| O|  |TAMS 0x00000000a8000000, 0x00000000a7f00000| Untracked 
|  98|0x00000000a8000000, 0x00000000a8100000, 0x00000000a8100000|100%| O|  |TAMS 0x00000000a8100000, 0x00000000a8000000| Untracked 
|  99|0x00000000a8100000, 0x00000000a8200000, 0x00000000a8200000|100%| O|  |TAMS 0x00000000a8200000, 0x00000000a8100000| Untracked 
| 100|0x00000000a8200000, 0x00000000a8300000, 0x00000000a8300000|100%| O|  |TAMS 0x00000000a8300000, 0x00000000a8200000| Untracked 
| 101|0x00000000a8300000, 0x00000000a8400000, 0x00000000a8400000|100%| O|  |TAMS 0x00000000a8400000, 0x00000000a8300000| Untracked 
| 102|0x00000000a8400000, 0x00000000a8500000, 0x00000000a8500000|100%| O|  |TAMS 0x00000000a8500000, 0x00000000a8400000| Untracked 
| 103|0x00000000a8500000, 0x00000000a8600000, 0x00000000a8600000|100%| O|  |TAMS 0x00000000a8600000, 0x00000000a8500000| Untracked 
| 104|0x00000000a8600000, 0x00000000a8700000, 0x00000000a8700000|100%| O|  |TAMS 0x00000000a8700000, 0x00000000a8600000| Untracked 
| 105|0x00000000a8700000, 0x00000000a8800000, 0x00000000a8800000|100%| O|  |TAMS 0x00000000a8800000, 0x00000000a8700000| Untracked 
| 106|0x00000000a8800000, 0x00000000a8900000, 0x00000000a8900000|100%| O|  |TAMS 0x00000000a88a7e00, 0x00000000a8800000| Untracked 
| 107|0x00000000a8900000, 0x00000000a8900000, 0x00000000a8a00000|  0%| F|  |TAMS 0x00000000a8900000, 0x00000000a8900000| Untracked 
| 108|0x00000000a8a00000, 0x00000000a8a00000, 0x00000000a8b00000|  0%| F|  |TAMS 0x00000000a8a00000, 0x00000000a8a00000| Untracked 
| 109|0x00000000a8b00000, 0x00000000a8c00000, 0x00000000a8c00000|100%| O|  |TAMS 0x00000000a8c00000, 0x00000000a8b00000| Untracked 
| 110|0x00000000a8c00000, 0x00000000a8c00000, 0x00000000a8d00000|  0%| F|  |TAMS 0x00000000a8c00000, 0x00000000a8c00000| Untracked 
| 111|0x00000000a8d00000, 0x00000000a8e00000, 0x00000000a8e00000|100%| O|  |TAMS 0x00000000a8e00000, 0x00000000a8d00000| Untracked 
| 112|0x00000000a8e00000, 0x00000000a8f00000, 0x00000000a8f00000|100%|HS|  |TAMS 0x00000000a8f00000, 0x00000000a8e00000| Complete 
| 113|0x00000000a8f00000, 0x00000000a9000000, 0x00000000a9000000|100%|HC|  |TAMS 0x00000000a9000000, 0x00000000a8f00000| Complete 
| 114|0x00000000a9000000, 0x00000000a9100000, 0x00000000a9100000|100%|HC|  |TAMS 0x00000000a9100000, 0x00000000a9000000| Complete 
| 115|0x00000000a9100000, 0x00000000a9100000, 0x00000000a9200000|  0%| F|  |TAMS 0x00000000a9100000, 0x00000000a9100000| Untracked 
| 116|0x00000000a9200000, 0x00000000a9200000, 0x00000000a9300000|  0%| F|  |TAMS 0x00000000a9200000, 0x00000000a9200000| Untracked 
| 117|0x00000000a9300000, 0x00000000a9300000, 0x00000000a9400000|  0%| F|  |TAMS 0x00000000a9300000, 0x00000000a9300000| Untracked 
| 118|0x00000000a9400000, 0x00000000a9400000, 0x00000000a9500000|  0%| F|  |TAMS 0x00000000a9400000, 0x00000000a9400000| Untracked 
| 119|0x00000000a9500000, 0x00000000a9500000, 0x00000000a9600000|  0%| F|  |TAMS 0x00000000a9500000, 0x00000000a9500000| Untracked 
| 120|0x00000000a9600000, 0x00000000a9600000, 0x00000000a9700000|  0%| F|  |TAMS 0x00000000a9600000, 0x00000000a9600000| Untracked 
| 121|0x00000000a9700000, 0x00000000a9700000, 0x00000000a9800000|  0%| F|  |TAMS 0x00000000a9700000, 0x00000000a9700000| Untracked 
| 122|0x00000000a9800000, 0x00000000a9800000, 0x00000000a9900000|  0%| F|  |TAMS 0x00000000a9800000, 0x00000000a9800000| Untracked 
| 123|0x00000000a9900000, 0x00000000a9900000, 0x00000000a9a00000|  0%| F|  |TAMS 0x00000000a9900000, 0x00000000a9900000| Untracked 
| 124|0x00000000a9a00000, 0x00000000a9a00000, 0x00000000a9b00000|  0%| F|  |TAMS 0x00000000a9a00000, 0x00000000a9a00000| Untracked 
| 125|0x00000000a9b00000, 0x00000000a9c00000, 0x00000000a9c00000|100%|HS|  |TAMS 0x00000000a9c00000, 0x00000000a9b00000| Complete 
| 126|0x00000000a9c00000, 0x00000000a9d00000, 0x00000000a9d00000|100%|HC|  |TAMS 0x00000000a9d00000, 0x00000000a9c00000| Complete 
| 127|0x00000000a9d00000, 0x00000000a9d00000, 0x00000000a9e00000|  0%| F|  |TAMS 0x00000000a9d00000, 0x00000000a9d00000| Untracked 
| 128|0x00000000a9e00000, 0x00000000a9e00000, 0x00000000a9f00000|  0%| F|  |TAMS 0x00000000a9e00000, 0x00000000a9e00000| Untracked 
| 129|0x00000000a9f00000, 0x00000000aa000000, 0x00000000aa000000|100%| O|  |TAMS 0x00000000aa000000, 0x00000000a9f00000| Untracked 
| 130|0x00000000aa000000, 0x00000000aa000000, 0x00000000aa100000|  0%| F|  |TAMS 0x00000000aa000000, 0x00000000aa000000| Untracked 
| 131|0x00000000aa100000, 0x00000000aa100000, 0x00000000aa200000|  0%| F|  |TAMS 0x00000000aa100000, 0x00000000aa100000| Untracked 
| 132|0x00000000aa200000, 0x00000000aa200000, 0x00000000aa300000|  0%| F|  |TAMS 0x00000000aa200000, 0x00000000aa200000| Untracked 
| 133|0x00000000aa300000, 0x00000000aa300000, 0x00000000aa400000|  0%| F|  |TAMS 0x00000000aa300000, 0x00000000aa300000| Untracked 
| 134|0x00000000aa400000, 0x00000000aa400000, 0x00000000aa500000|  0%| F|  |TAMS 0x00000000aa400000, 0x00000000aa400000| Untracked 
| 135|0x00000000aa500000, 0x00000000aa5bcdf0, 0x00000000aa600000| 73%| S|CS|TAMS 0x00000000aa500000, 0x00000000aa500000| Complete 
| 136|0x00000000aa600000, 0x00000000aa700000, 0x00000000aa700000|100%| S|CS|TAMS 0x00000000aa600000, 0x00000000aa600000| Complete 
| 137|0x00000000aa700000, 0x00000000aa800000, 0x00000000aa800000|100%| S|CS|TAMS 0x00000000aa700000, 0x00000000aa700000| Complete 
| 138|0x00000000aa800000, 0x00000000aa900000, 0x00000000aa900000|100%| S|CS|TAMS 0x00000000aa800000, 0x00000000aa800000| Complete 
| 139|0x00000000aa900000, 0x00000000aaa00000, 0x00000000aaa00000|100%| S|CS|TAMS 0x00000000aa900000, 0x00000000aa900000| Complete 
| 140|0x00000000aaa00000, 0x00000000aab00000, 0x00000000aab00000|100%| S|CS|TAMS 0x00000000aaa00000, 0x00000000aaa00000| Complete 
| 141|0x00000000aab00000, 0x00000000aac00000, 0x00000000aac00000|100%| S|CS|TAMS 0x00000000aab00000, 0x00000000aab00000| Complete 
| 142|0x00000000aac00000, 0x00000000aad00000, 0x00000000aad00000|100%| S|CS|TAMS 0x00000000aac00000, 0x00000000aac00000| Complete 
| 143|0x00000000aad00000, 0x00000000aae00000, 0x00000000aae00000|100%| S|CS|TAMS 0x00000000aad00000, 0x00000000aad00000| Complete 
| 144|0x00000000aae00000, 0x00000000aaf00000, 0x00000000aaf00000|100%| S|CS|TAMS 0x00000000aae00000, 0x00000000aae00000| Complete 
| 145|0x00000000aaf00000, 0x00000000aaf00000, 0x00000000ab000000|  0%| F|  |TAMS 0x00000000aaf00000, 0x00000000aaf00000| Untracked 
| 146|0x00000000ab000000, 0x00000000ab000000, 0x00000000ab100000|  0%| F|  |TAMS 0x00000000ab000000, 0x00000000ab000000| Untracked 
| 147|0x00000000ab100000, 0x00000000ab100000, 0x00000000ab200000|  0%| F|  |TAMS 0x00000000ab100000, 0x00000000ab100000| Untracked 
| 148|0x00000000ab200000, 0x00000000ab200000, 0x00000000ab300000|  0%| F|  |TAMS 0x00000000ab200000, 0x00000000ab200000| Untracked 
| 149|0x00000000ab300000, 0x00000000ab300000, 0x00000000ab400000|  0%| F|  |TAMS 0x00000000ab300000, 0x00000000ab300000| Untracked 
| 150|0x00000000ab400000, 0x00000000ab400000, 0x00000000ab500000|  0%| F|  |TAMS 0x00000000ab400000, 0x00000000ab400000| Untracked 
| 151|0x00000000ab500000, 0x00000000ab500000, 0x00000000ab600000|  0%| F|  |TAMS 0x00000000ab500000, 0x00000000ab500000| Untracked 
| 152|0x00000000ab600000, 0x00000000ab600000, 0x00000000ab700000|  0%| F|  |TAMS 0x00000000ab600000, 0x00000000ab600000| Untracked 
| 153|0x00000000ab700000, 0x00000000ab700000, 0x00000000ab800000|  0%| F|  |TAMS 0x00000000ab700000, 0x00000000ab700000| Untracked 
| 154|0x00000000ab800000, 0x00000000ab800000, 0x00000000ab900000|  0%| F|  |TAMS 0x00000000ab800000, 0x00000000ab800000| Untracked 
| 155|0x00000000ab900000, 0x00000000ab900000, 0x00000000aba00000|  0%| F|  |TAMS 0x00000000ab900000, 0x00000000ab900000| Untracked 
| 156|0x00000000aba00000, 0x00000000aba00000, 0x00000000abb00000|  0%| F|  |TAMS 0x00000000aba00000, 0x00000000aba00000| Untracked 
| 157|0x00000000abb00000, 0x00000000abb00000, 0x00000000abc00000|  0%| F|  |TAMS 0x00000000abb00000, 0x00000000abb00000| Untracked 
| 158|0x00000000abc00000, 0x00000000abc00000, 0x00000000abd00000|  0%| F|  |TAMS 0x00000000abc00000, 0x00000000abc00000| Untracked 
| 159|0x00000000abd00000, 0x00000000abd00000, 0x00000000abe00000|  0%| F|  |TAMS 0x00000000abd00000, 0x00000000abd00000| Untracked 
| 160|0x00000000abe00000, 0x00000000abe00000, 0x00000000abf00000|  0%| F|  |TAMS 0x00000000abe00000, 0x00000000abe00000| Untracked 
| 161|0x00000000abf00000, 0x00000000abf00000, 0x00000000ac000000|  0%| F|  |TAMS 0x00000000abf00000, 0x00000000abf00000| Untracked 
| 162|0x00000000ac000000, 0x00000000ac000000, 0x00000000ac100000|  0%| F|  |TAMS 0x00000000ac000000, 0x00000000ac000000| Untracked 
| 163|0x00000000ac100000, 0x00000000ac100000, 0x00000000ac200000|  0%| F|  |TAMS 0x00000000ac100000, 0x00000000ac100000| Untracked 
| 164|0x00000000ac200000, 0x00000000ac200000, 0x00000000ac300000|  0%| F|  |TAMS 0x00000000ac200000, 0x00000000ac200000| Untracked 
| 165|0x00000000ac300000, 0x00000000ac300000, 0x00000000ac400000|  0%| F|  |TAMS 0x00000000ac300000, 0x00000000ac300000| Untracked 
| 166|0x00000000ac400000, 0x00000000ac400000, 0x00000000ac500000|  0%| F|  |TAMS 0x00000000ac400000, 0x00000000ac400000| Untracked 
| 167|0x00000000ac500000, 0x00000000ac500000, 0x00000000ac600000|  0%| F|  |TAMS 0x00000000ac500000, 0x00000000ac500000| Untracked 
| 168|0x00000000ac600000, 0x00000000ac600000, 0x00000000ac700000|  0%| F|  |TAMS 0x00000000ac600000, 0x00000000ac600000| Untracked 
| 169|0x00000000ac700000, 0x00000000ac700000, 0x00000000ac800000|  0%| F|  |TAMS 0x00000000ac700000, 0x00000000ac700000| Untracked 
| 170|0x00000000ac800000, 0x00000000ac800000, 0x00000000ac900000|  0%| F|  |TAMS 0x00000000ac800000, 0x00000000ac800000| Untracked 
| 171|0x00000000ac900000, 0x00000000ac900000, 0x00000000aca00000|  0%| F|  |TAMS 0x00000000ac900000, 0x00000000ac900000| Untracked 
| 172|0x00000000aca00000, 0x00000000aca00000, 0x00000000acb00000|  0%| F|  |TAMS 0x00000000aca00000, 0x00000000aca00000| Untracked 
| 173|0x00000000acb00000, 0x00000000acb00000, 0x00000000acc00000|  0%| F|  |TAMS 0x00000000acb00000, 0x00000000acb00000| Untracked 
| 174|0x00000000acc00000, 0x00000000acc00000, 0x00000000acd00000|  0%| F|  |TAMS 0x00000000acc00000, 0x00000000acc00000| Untracked 
| 175|0x00000000acd00000, 0x00000000acd00000, 0x00000000ace00000|  0%| F|  |TAMS 0x00000000acd00000, 0x00000000acd00000| Untracked 
| 176|0x00000000ace00000, 0x00000000ace00000, 0x00000000acf00000|  0%| F|  |TAMS 0x00000000ace00000, 0x00000000ace00000| Untracked 
| 177|0x00000000acf00000, 0x00000000ad000000, 0x00000000ad000000|100%| E|  |TAMS 0x00000000acf00000, 0x00000000acf00000| Complete 
| 178|0x00000000ad000000, 0x00000000ad100000, 0x00000000ad100000|100%| E|CS|TAMS 0x00000000ad000000, 0x00000000ad000000| Complete 
| 179|0x00000000ad100000, 0x00000000ad200000, 0x00000000ad200000|100%| E|CS|TAMS 0x00000000ad100000, 0x00000000ad100000| Complete 
| 180|0x00000000ad200000, 0x00000000ad300000, 0x00000000ad300000|100%| E|CS|TAMS 0x00000000ad200000, 0x00000000ad200000| Complete 
| 181|0x00000000ad300000, 0x00000000ad400000, 0x00000000ad400000|100%| E|CS|TAMS 0x00000000ad300000, 0x00000000ad300000| Complete 
| 182|0x00000000ad400000, 0x00000000ad500000, 0x00000000ad500000|100%| E|CS|TAMS 0x00000000ad400000, 0x00000000ad400000| Complete 
| 183|0x00000000ad500000, 0x00000000ad600000, 0x00000000ad600000|100%| E|CS|TAMS 0x00000000ad500000, 0x00000000ad500000| Complete 
| 184|0x00000000ad600000, 0x00000000ad700000, 0x00000000ad700000|100%| E|CS|TAMS 0x00000000ad600000, 0x00000000ad600000| Complete 
| 185|0x00000000ad700000, 0x00000000ad800000, 0x00000000ad800000|100%| E|CS|TAMS 0x00000000ad700000, 0x00000000ad700000| Complete 
| 186|0x00000000ad800000, 0x00000000ad900000, 0x00000000ad900000|100%| E|CS|TAMS 0x00000000ad800000, 0x00000000ad800000| Complete 
| 187|0x00000000ad900000, 0x00000000ada00000, 0x00000000ada00000|100%| E|CS|TAMS 0x00000000ad900000, 0x00000000ad900000| Complete 
| 188|0x00000000ada00000, 0x00000000adb00000, 0x00000000adb00000|100%| E|CS|TAMS 0x00000000ada00000, 0x00000000ada00000| Complete 
| 189|0x00000000adb00000, 0x00000000adc00000, 0x00000000adc00000|100%| E|CS|TAMS 0x00000000adb00000, 0x00000000adb00000| Complete 
| 190|0x00000000adc00000, 0x00000000add00000, 0x00000000add00000|100%| E|CS|TAMS 0x00000000adc00000, 0x00000000adc00000| Complete 
| 191|0x00000000add00000, 0x00000000ade00000, 0x00000000ade00000|100%| E|CS|TAMS 0x00000000add00000, 0x00000000add00000| Complete 
| 192|0x00000000ade00000, 0x00000000adf00000, 0x00000000adf00000|100%| E|CS|TAMS 0x00000000ade00000, 0x00000000ade00000| Complete 
| 193|0x00000000adf00000, 0x00000000ae000000, 0x00000000ae000000|100%| E|CS|TAMS 0x00000000adf00000, 0x00000000adf00000| Complete 
| 194|0x00000000ae000000, 0x00000000ae100000, 0x00000000ae100000|100%| E|CS|TAMS 0x00000000ae000000, 0x00000000ae000000| Complete 
| 195|0x00000000ae100000, 0x00000000ae200000, 0x00000000ae200000|100%| E|CS|TAMS 0x00000000ae100000, 0x00000000ae100000| Complete 
| 196|0x00000000ae200000, 0x00000000ae300000, 0x00000000ae300000|100%| E|CS|TAMS 0x00000000ae200000, 0x00000000ae200000| Complete 
| 197|0x00000000ae300000, 0x00000000ae400000, 0x00000000ae400000|100%| E|CS|TAMS 0x00000000ae300000, 0x00000000ae300000| Complete 
| 198|0x00000000ae400000, 0x00000000ae500000, 0x00000000ae500000|100%| E|CS|TAMS 0x00000000ae400000, 0x00000000ae400000| Complete 
| 199|0x00000000ae500000, 0x00000000ae600000, 0x00000000ae600000|100%| E|CS|TAMS 0x00000000ae500000, 0x00000000ae500000| Complete 
| 200|0x00000000ae600000, 0x00000000ae700000, 0x00000000ae700000|100%| E|CS|TAMS 0x00000000ae600000, 0x00000000ae600000| Complete 
| 201|0x00000000ae700000, 0x00000000ae800000, 0x00000000ae800000|100%| E|CS|TAMS 0x00000000ae700000, 0x00000000ae700000| Complete 
| 202|0x00000000ae800000, 0x00000000ae900000, 0x00000000ae900000|100%| E|CS|TAMS 0x00000000ae800000, 0x00000000ae800000| Complete 
| 203|0x00000000ae900000, 0x00000000aea00000, 0x00000000aea00000|100%| E|CS|TAMS 0x00000000ae900000, 0x00000000ae900000| Complete 
| 204|0x00000000aea00000, 0x00000000aeb00000, 0x00000000aeb00000|100%| E|CS|TAMS 0x00000000aea00000, 0x00000000aea00000| Complete 
| 205|0x00000000aeb00000, 0x00000000aec00000, 0x00000000aec00000|100%| E|CS|TAMS 0x00000000aeb00000, 0x00000000aeb00000| Complete 
| 206|0x00000000aec00000, 0x00000000aed00000, 0x00000000aed00000|100%| E|CS|TAMS 0x00000000aec00000, 0x00000000aec00000| Complete 
| 207|0x00000000aed00000, 0x00000000aee00000, 0x00000000aee00000|100%| E|CS|TAMS 0x00000000aed00000, 0x00000000aed00000| Complete 
| 208|0x00000000aee00000, 0x00000000aef00000, 0x00000000aef00000|100%| E|CS|TAMS 0x00000000aee00000, 0x00000000aee00000| Complete 
| 209|0x00000000aef00000, 0x00000000af000000, 0x00000000af000000|100%| E|CS|TAMS 0x00000000aef00000, 0x00000000aef00000| Complete 
| 210|0x00000000af000000, 0x00000000af100000, 0x00000000af100000|100%| E|CS|TAMS 0x00000000af000000, 0x00000000af000000| Complete 
| 211|0x00000000af100000, 0x00000000af200000, 0x00000000af200000|100%| E|CS|TAMS 0x00000000af100000, 0x00000000af100000| Complete 
| 212|0x00000000af200000, 0x00000000af300000, 0x00000000af300000|100%| E|CS|TAMS 0x00000000af200000, 0x00000000af200000| Complete 
| 213|0x00000000af300000, 0x00000000af400000, 0x00000000af400000|100%| E|CS|TAMS 0x00000000af300000, 0x00000000af300000| Complete 
| 214|0x00000000af400000, 0x00000000af500000, 0x00000000af500000|100%| E|CS|TAMS 0x00000000af400000, 0x00000000af400000| Complete 
| 215|0x00000000af500000, 0x00000000af600000, 0x00000000af600000|100%| E|CS|TAMS 0x00000000af500000, 0x00000000af500000| Complete 
| 216|0x00000000af600000, 0x00000000af700000, 0x00000000af700000|100%| E|CS|TAMS 0x00000000af600000, 0x00000000af600000| Complete 
| 217|0x00000000af700000, 0x00000000af800000, 0x00000000af800000|100%| E|CS|TAMS 0x00000000af700000, 0x00000000af700000| Complete 
| 218|0x00000000af800000, 0x00000000af900000, 0x00000000af900000|100%| E|CS|TAMS 0x00000000af800000, 0x00000000af800000| Complete 
| 219|0x00000000af900000, 0x00000000afa00000, 0x00000000afa00000|100%| E|CS|TAMS 0x00000000af900000, 0x00000000af900000| Complete 
| 220|0x00000000afa00000, 0x00000000afb00000, 0x00000000afb00000|100%| E|  |TAMS 0x00000000afa00000, 0x00000000afa00000| Complete 
| 221|0x00000000afb00000, 0x00000000afc00000, 0x00000000afc00000|100%| E|CS|TAMS 0x00000000afb00000, 0x00000000afb00000| Complete 
| 222|0x00000000afc00000, 0x00000000afd00000, 0x00000000afd00000|100%| E|CS|TAMS 0x00000000afc00000, 0x00000000afc00000| Complete 
| 223|0x00000000afd00000, 0x00000000afe00000, 0x00000000afe00000|100%| E|CS|TAMS 0x00000000afd00000, 0x00000000afd00000| Complete 
| 224|0x00000000afe00000, 0x00000000aff00000, 0x00000000aff00000|100%| E|CS|TAMS 0x00000000afe00000, 0x00000000afe00000| Complete 
| 225|0x00000000aff00000, 0x00000000b0000000, 0x00000000b0000000|100%| E|CS|TAMS 0x00000000aff00000, 0x00000000aff00000| Complete 
| 226|0x00000000b0000000, 0x00000000b0100000, 0x00000000b0100000|100%| E|CS|TAMS 0x00000000b0000000, 0x00000000b0000000| Complete 
| 227|0x00000000b0100000, 0x00000000b0200000, 0x00000000b0200000|100%| E|CS|TAMS 0x00000000b0100000, 0x00000000b0100000| Complete 
| 228|0x00000000b0200000, 0x00000000b0300000, 0x00000000b0300000|100%| E|CS|TAMS 0x00000000b0200000, 0x00000000b0200000| Complete 
| 229|0x00000000b0300000, 0x00000000b0400000, 0x00000000b0400000|100%| E|CS|TAMS 0x00000000b0300000, 0x00000000b0300000| Complete 
| 230|0x00000000b0400000, 0x00000000b0500000, 0x00000000b0500000|100%| E|CS|TAMS 0x00000000b0400000, 0x00000000b0400000| Complete 
| 231|0x00000000b0500000, 0x00000000b0600000, 0x00000000b0600000|100%| E|CS|TAMS 0x00000000b0500000, 0x00000000b0500000| Complete 
| 232|0x00000000b0600000, 0x00000000b0700000, 0x00000000b0700000|100%| E|CS|TAMS 0x00000000b0600000, 0x00000000b0600000| Complete 
| 233|0x00000000b0700000, 0x00000000b0800000, 0x00000000b0800000|100%| E|CS|TAMS 0x00000000b0700000, 0x00000000b0700000| Complete 
| 234|0x00000000b0800000, 0x00000000b0900000, 0x00000000b0900000|100%| E|CS|TAMS 0x00000000b0800000, 0x00000000b0800000| Complete 
| 235|0x00000000b0900000, 0x00000000b0a00000, 0x00000000b0a00000|100%| E|CS|TAMS 0x00000000b0900000, 0x00000000b0900000| Complete 
| 236|0x00000000b0a00000, 0x00000000b0b00000, 0x00000000b0b00000|100%| E|CS|TAMS 0x00000000b0a00000, 0x00000000b0a00000| Complete 
| 237|0x00000000b0b00000, 0x00000000b0c00000, 0x00000000b0c00000|100%| E|CS|TAMS 0x00000000b0b00000, 0x00000000b0b00000| Complete 
| 238|0x00000000b0c00000, 0x00000000b0d00000, 0x00000000b0d00000|100%| E|CS|TAMS 0x00000000b0c00000, 0x00000000b0c00000| Complete 
| 239|0x00000000b0d00000, 0x00000000b0e00000, 0x00000000b0e00000|100%| E|CS|TAMS 0x00000000b0d00000, 0x00000000b0d00000| Complete 
| 240|0x00000000b0e00000, 0x00000000b0f00000, 0x00000000b0f00000|100%| E|CS|TAMS 0x00000000b0e00000, 0x00000000b0e00000| Complete 
| 241|0x00000000b0f00000, 0x00000000b1000000, 0x00000000b1000000|100%| E|CS|TAMS 0x00000000b0f00000, 0x00000000b0f00000| Complete 
| 242|0x00000000b1000000, 0x00000000b1100000, 0x00000000b1100000|100%| E|CS|TAMS 0x00000000b1000000, 0x00000000b1000000| Complete 
| 243|0x00000000b1100000, 0x00000000b1200000, 0x00000000b1200000|100%| E|CS|TAMS 0x00000000b1100000, 0x00000000b1100000| Complete 
| 244|0x00000000b1200000, 0x00000000b1300000, 0x00000000b1300000|100%| E|CS|TAMS 0x00000000b1200000, 0x00000000b1200000| Complete 
| 245|0x00000000b1300000, 0x00000000b1400000, 0x00000000b1400000|100%| E|CS|TAMS 0x00000000b1300000, 0x00000000b1300000| Complete 
| 246|0x00000000b1400000, 0x00000000b1500000, 0x00000000b1500000|100%| E|CS|TAMS 0x00000000b1400000, 0x00000000b1400000| Complete 
| 247|0x00000000b1500000, 0x00000000b1600000, 0x00000000b1600000|100%| E|CS|TAMS 0x00000000b1500000, 0x00000000b1500000| Complete 

Card table byte_map: [0x000002ca7a790000,0x000002ca7aa90000] _byte_map_base: 0x000002ca7a281000

Marking Bits (Prev, Next): (CMBitMap*) 0x000002ca703552c8, (CMBitMap*) 0x000002ca70355300
 Prev Bits: [0x000002ca7ad90000, 0x000002ca7c518000)
 Next Bits: [0x000002ca7c520000, 0x000002ca7dca8000)

Polling page: 0x000002ca6e480000

Metaspace:

Usage:
  Non-class:     97.59 MB capacity,    95.41 MB ( 98%) used,     1.89 MB (  2%) free+waste,   300.06 KB ( <1%) overhead. 
      Class:     13.75 MB capacity,    12.52 MB ( 91%) used,     1.10 MB (  8%) free+waste,   132.94 KB ( <1%) overhead. 
       Both:    111.34 MB capacity,   107.92 MB ( 97%) used,     2.99 MB (  3%) free+waste,   433.00 KB ( <1%) overhead. 

Virtual space:
  Non-class space:       98.00 MB reserved,      97.75 MB (>99%) committed 
      Class space:        1.00 GB reserved,      13.88 MB (  1%) committed 
             Both:        1.10 GB reserved,     111.63 MB ( 10%) committed 

Chunk freelists:
   Non-Class:  38.00 KB
       Class:  0 bytes
        Both:  38.00 KB

MaxMetaspaceSize: 17179869184.00 GB
CompressedClassSpaceSize: 1.00 GB
Initial GC threshold: 20.80 MB
Current GC threshold: 111.67 MB
CDS: off

CodeHeap 'non-profiled nmethods': size=120000Kb used=12482Kb max_used=12482Kb free=107517Kb
 bounds [0x000002ca07ad0000, 0x000002ca08710000, 0x000002ca0f000000]
CodeHeap 'profiled nmethods': size=120000Kb used=38622Kb max_used=38622Kb free=81377Kb
 bounds [0x000002ca005a0000, 0x000002ca02b60000, 0x000002ca07ad0000]
CodeHeap 'non-nmethods': size=5760Kb used=1399Kb max_used=1443Kb free=4360Kb
 bounds [0x000002ca00000000, 0x000002ca00270000, 0x000002ca005a0000]
 total_blobs=15675 nmethods=14954 adapters=632
 compilation: enabled
              stopped_count=0, restarted_count=0
 full_count=0

Compilation events (20 events):
Event: 346.120 Thread 0x000002ca0f72a000 nmethod 16978 0x000002ca02b45210 code [0x000002ca02b45460, 0x000002ca02b45aa8]
Event: 346.122 Thread 0x000002ca0f72a000 16979       2       org.eclipse.jdt.core.compiler.CharOperation::equals (103 bytes)
Event: 346.123 Thread 0x000002ca0f72a000 nmethod 16979 0x000002ca02b45e90 code [0x000002ca02b46080, 0x000002ca02b46418]
Event: 346.124 Thread 0x000002ca0f72a000 16980       1       org.eclipse.jdt.internal.compiler.classfmt.ClassFileReader::getGenericSignature (5 bytes)
Event: 346.124 Thread 0x000002ca0f72a000 nmethod 16980 0x000002ca086fe590 code [0x000002ca086fe740, 0x000002ca086fe7f8]
Event: 346.124 Thread 0x000002ca0f72a000 16981       1       org.eclipse.jdt.internal.compiler.classfmt.ClassFileReader::getTagBits (5 bytes)
Event: 346.125 Thread 0x000002ca0f72a000 nmethod 16981 0x000002ca086fe890 code [0x000002ca086fea40, 0x000002ca086feaf8]
Event: 346.126 Thread 0x000002ca0f72a000 16982       1       org.eclipse.jdt.internal.compiler.lookup.TypeVariableBinding::kind (4 bytes)
Event: 346.126 Thread 0x000002ca0f72a000 nmethod 16982 0x000002ca086feb90 code [0x000002ca086fed40, 0x000002ca086fedf8]
Event: 346.126 Thread 0x000002ca0f72a000 16983   !   2       org.eclipse.jdt.internal.compiler.batch.ClasspathJrt::findClass (212 bytes)
Event: 346.130 Thread 0x000002ca0f72a000 nmethod 16983 0x000002ca02b46690 code [0x000002ca02b46940, 0x000002ca02b47428]
Event: 346.130 Thread 0x000002ca0f72a000 16986   !   2       org.eclipse.jdt.internal.compiler.lookup.Scope::getBinding (1395 bytes)
Event: 346.143 Thread 0x000002ca0f72a000 nmethod 16986 0x000002ca02b47d10 code [0x000002ca02b48240, 0x000002ca02b4ac58]
Event: 346.144 Thread 0x000002ca0f72a000 16991       2       org.eclipse.jdt.internal.compiler.lookup.TypeSystem$HashedParameterizedTypes$PTBKey::hashCode (59 bytes)
Event: 346.145 Thread 0x000002ca0f72a000 nmethod 16991 0x000002ca02b4dd10 code [0x000002ca02b4df00, 0x000002ca02b4e2f8]
Event: 346.145 Thread 0x000002ca0f72a000 16992       2       org.eclipse.jdt.internal.compiler.lookup.PackageBinding::clearMissingTagBit (24 bytes)
Event: 346.145 Thread 0x000002ca0f72a000 nmethod 16992 0x000002ca02b4e510 code [0x000002ca02b4e6c0, 0x000002ca02b4e858]
Event: 346.145 Thread 0x000002ca0f72a000 16984       1       org.eclipse.jdt.internal.compiler.lookup.ParameterizedTypeBinding::kind (4 bytes)
Event: 346.146 Thread 0x000002ca0f72a000 nmethod 16984 0x000002ca086fee90 code [0x000002ca086ff040, 0x000002ca086ff0f8]
Event: 346.146 Thread 0x000002ca0f72a000 16985       2       org.eclipse.jdt.internal.compiler.ast.Expression::computeConversion (372 bytes)

GC Heap History (20 events):
Event: 182.919 GC heap before
{Heap before GC invocations=50 (full 0):
 garbage-first heap   total 253952K, used 161493K [0x00000000a1e00000, 0x0000000100000000)
  region size 1024K, 57 young (58368K), 1 survivors (1024K)
 Metaspace       used 48038K, capacity 49553K, committed 49792K, reserved 1093632K
  class space    used 4885K, capacity 5429K, committed 5504K, reserved 1048576K
}
Event: 182.945 GC heap after
{Heap after GC invocations=51 (full 0):
 garbage-first heap   total 253952K, used 106317K [0x00000000a1e00000, 0x0000000100000000)
  region size 1024K, 3 young (3072K), 3 survivors (3072K)
 Metaspace       used 48038K, capacity 49553K, committed 49792K, reserved 1093632K
  class space    used 4885K, capacity 5429K, committed 5504K, reserved 1048576K
}
Event: 194.125 GC heap before
{Heap before GC invocations=51 (full 0):
 garbage-first heap   total 253952K, used 179021K [0x00000000a1e00000, 0x0000000100000000)
  region size 1024K, 74 young (75776K), 3 survivors (3072K)
 Metaspace       used 48301K, capacity 49907K, committed 50048K, reserved 1093632K
  class space    used 4902K, capacity 5499K, committed 5504K, reserved 1048576K
}
Event: 194.152 GC heap after
{Heap after GC invocations=52 (full 0):
 garbage-first heap   total 253952K, used 108156K [0x00000000a1e00000, 0x0000000100000000)
  region size 1024K, 5 young (5120K), 5 survivors (5120K)
 Metaspace       used 48301K, capacity 49907K, committed 50048K, reserved 1093632K
  class space    used 4902K, capacity 5499K, committed 5504K, reserved 1048576K
}
Event: 201.344 GC heap before
{Heap before GC invocations=52 (full 0):
 garbage-first heap   total 253952K, used 159356K [0x00000000a1e00000, 0x0000000100000000)
  region size 1024K, 46 young (47104K), 5 survivors (5120K)
 Metaspace       used 50403K, capacity 52023K, committed 52224K, reserved 1095680K
  class space    used 5170K, capacity 5779K, committed 5888K, reserved 1048576K
}
Event: 201.381 GC heap after
{Heap after GC invocations=53 (full 0):
 garbage-first heap   total 253952K, used 120487K [0x00000000a1e00000, 0x0000000100000000)
  region size 1024K, 7 young (7168K), 7 survivors (7168K)
 Metaspace       used 50403K, capacity 52023K, committed 52224K, reserved 1095680K
  class space    used 5170K, capacity 5779K, committed 5888K, reserved 1048576K
}
Event: 232.332 GC heap before
{Heap before GC invocations=54 (full 0):
 garbage-first heap   total 253952K, used 206503K [0x00000000a1e00000, 0x0000000100000000)
  region size 1024K, 76 young (77824K), 7 survivors (7168K)
 Metaspace       used 55554K, capacity 57346K, committed 57600K, reserved 1099776K
  class space    used 5726K, capacity 6399K, committed 6400K, reserved 1048576K
}
Event: 232.438 GC heap after
{Heap after GC invocations=55 (full 0):
 garbage-first heap   total 253952K, used 115091K [0x00000000a1e00000, 0x0000000100000000)
  region size 1024K, 7 young (7168K), 7 survivors (7168K)
 Metaspace       used 55554K, capacity 57346K, committed 57600K, reserved 1099776K
  class space    used 5726K, capacity 6399K, committed 6400K, reserved 1048576K
}
Event: 233.899 GC heap before
{Heap before GC invocations=55 (full 0):
 garbage-first heap   total 253952K, used 119187K [0x00000000a1e00000, 0x0000000100000000)
  region size 1024K, 12 young (12288K), 7 survivors (7168K)
 Metaspace       used 57561K, capacity 59353K, committed 59520K, reserved 1101824K
  class space    used 5988K, capacity 6667K, committed 6784K, reserved 1048576K
}
Event: 234.061 GC heap after
{Heap after GC invocations=56 (full 0):
 garbage-first heap   total 253952K, used 99459K [0x00000000a1e00000, 0x0000000100000000)
  region size 1024K, 2 young (2048K), 2 survivors (2048K)
 Metaspace       used 57561K, capacity 59353K, committed 59520K, reserved 1101824K
  class space    used 5988K, capacity 6667K, committed 6784K, reserved 1048576K
}
Event: 243.261 GC heap before
{Heap before GC invocations=56 (full 0):
 garbage-first heap   total 253952K, used 176259K [0x00000000a1e00000, 0x0000000100000000)
  region size 1024K, 64 young (65536K), 2 survivors (2048K)
 Metaspace       used 66147K, capacity 68181K, committed 68352K, reserved 1110016K
  class space    used 6852K, capacity 7616K, committed 7680K, reserved 1048576K
}
Event: 243.290 GC heap after
{Heap after GC invocations=57 (full 0):
 garbage-first heap   total 253952K, used 106798K [0x00000000a1e00000, 0x0000000100000000)
  region size 1024K, 5 young (5120K), 5 survivors (5120K)
 Metaspace       used 66147K, capacity 68181K, committed 68352K, reserved 1110016K
  class space    used 6852K, capacity 7616K, committed 7680K, reserved 1048576K
}
Event: 314.069 GC heap before
{Heap before GC invocations=58 (full 0):
 garbage-first heap   total 253952K, used 180526K [0x00000000a1e00000, 0x0000000100000000)
  region size 1024K, 87 young (89088K), 5 survivors (5120K)
 Metaspace       used 75851K, capacity 78664K, committed 78848K, reserved 1120256K
  class space    used 7934K, capacity 8935K, committed 8960K, reserved 1048576K
}
Event: 314.325 GC heap after
{Heap after GC invocations=59 (full 0):
 garbage-first heap   total 253952K, used 103693K [0x00000000a1e00000, 0x0000000100000000)
  region size 1024K, 11 young (11264K), 11 survivors (11264K)
 Metaspace       used 75851K, capacity 78664K, committed 78848K, reserved 1120256K
  class space    used 7934K, capacity 8935K, committed 8960K, reserved 1048576K
}
Event: 315.539 GC heap before
{Heap before GC invocations=59 (full 0):
 garbage-first heap   total 253952K, used 104717K [0x00000000a1e00000, 0x0000000100000000)
  region size 1024K, 12 young (12288K), 11 survivors (11264K)
 Metaspace       used 75933K, capacity 78769K, committed 78848K, reserved 1120256K
  class space    used 7949K, capacity 8949K, committed 8960K, reserved 1048576K
}
Event: 315.674 GC heap after
{Heap after GC invocations=60 (full 0):
 garbage-first heap   total 253952K, used 85407K [0x00000000a1e00000, 0x0000000100000000)
  region size 1024K, 1 young (1024K), 1 survivors (1024K)
 Metaspace       used 75933K, capacity 78769K, committed 78848K, reserved 1120256K
  class space    used 7949K, capacity 8949K, committed 8960K, reserved 1048576K
}
Event: 327.274 GC heap before
{Heap before GC invocations=60 (full 0):
 garbage-first heap   total 253952K, used 184735K [0x00000000a1e00000, 0x0000000100000000)
  region size 1024K, 97 young (99328K), 1 survivors (1024K)
 Metaspace       used 88137K, capacity 91182K, committed 91264K, reserved 1130496K
  class space    used 10007K, capacity 11095K, committed 11136K, reserved 1048576K
}
Event: 327.312 GC heap after
{Heap after GC invocations=61 (full 0):
 garbage-first heap   total 253952K, used 89148K [0x00000000a1e00000, 0x0000000100000000)
  region size 1024K, 5 young (5120K), 5 survivors (5120K)
 Metaspace       used 88137K, capacity 91182K, committed 91264K, reserved 1130496K
  class space    used 10007K, capacity 11095K, committed 11136K, reserved 1048576K
}
Event: 341.005 GC heap before
{Heap before GC invocations=61 (full 0):
 garbage-first heap   total 253952K, used 189500K [0x00000000a1e00000, 0x0000000100000000)
  region size 1024K, 103 young (105472K), 5 survivors (5120K)
 Metaspace       used 101518K, capacity 104935K, committed 105088K, reserved 1140736K
  class space    used 12095K, capacity 13318K, committed 13440K, reserved 1048576K
}
Event: 341.100 GC heap after
{Heap after GC invocations=62 (full 0):
 garbage-first heap   total 253952K, used 94354K [0x00000000a1e00000, 0x0000000100000000)
  region size 1024K, 10 young (10240K), 10 survivors (10240K)
 Metaspace       used 101518K, capacity 104935K, committed 105088K, reserved 1140736K
  class space    used 12095K, capacity 13318K, committed 13440K, reserved 1048576K
}

Deoptimization events (20 events):
Event: 345.752 Thread 0x000002ca7031d000 Uncommon trap: trap_request=0xffffffc6 fr.pc=0x000002ca07ef22b0 relative=0x00000000000003d0
Event: 345.752 Thread 0x000002ca7031d000 Uncommon trap: reason=bimorphic_or_optimized_type_check action=maybe_recompile pc=0x000002ca07ef22b0 method=java.util.stream.AbstractPipeline.wrapSink(Ljava/util/stream/Sink;)Ljava/util/stream/Sink; @ 23 c2
Event: 345.752 Thread 0x000002ca7031d000 DEOPT PACKING pc=0x000002ca07ef22b0 sp=0x000000f3e56f8a40
Event: 345.752 Thread 0x000002ca7031d000 DEOPT UNPACKING pc=0x000002ca0004a1af sp=0x000000f3e56f89f8 mode 2
Event: 345.811 Thread 0x000002ca7031d000 Uncommon trap: trap_request=0xffffffd6 fr.pc=0x000002ca086bc540 relative=0x00000000000017e0
Event: 345.811 Thread 0x000002ca7031d000 Uncommon trap: reason=array_check action=maybe_recompile pc=0x000002ca086bc540 method=java.util.TimSort.reverseRange([Ljava/lang/Object;II)V @ 27 c2
Event: 345.812 Thread 0x000002ca7031d000 DEOPT PACKING pc=0x000002ca086bc540 sp=0x000000f3e56fba60
Event: 345.812 Thread 0x000002ca7031d000 DEOPT UNPACKING pc=0x000002ca0004a1af sp=0x000000f3e56fb970 mode 2
Event: 345.855 Thread 0x000002ca7031d000 DEOPT PACKING pc=0x000002ca02ab671d sp=0x000000f3e56fb960
Event: 345.855 Thread 0x000002ca7031d000 DEOPT UNPACKING pc=0x000002ca0004a95e sp=0x000000f3e56fade8 mode 0
Event: 345.926 Thread 0x000002ca7031d000 Uncommon trap: trap_request=0xffffffd6 fr.pc=0x000002ca086bc540 relative=0x00000000000017e0
Event: 345.926 Thread 0x000002ca7031d000 Uncommon trap: reason=array_check action=maybe_recompile pc=0x000002ca086bc540 method=java.util.TimSort.reverseRange([Ljava/lang/Object;II)V @ 27 c2
Event: 345.926 Thread 0x000002ca7031d000 DEOPT PACKING pc=0x000002ca086bc540 sp=0x000000f3e56fbee0
Event: 345.926 Thread 0x000002ca7031d000 DEOPT UNPACKING pc=0x000002ca0004a1af sp=0x000000f3e56fbdf0 mode 2
Event: 345.960 Thread 0x000002ca7031d000 DEOPT PACKING pc=0x000002ca02ac2bc7 sp=0x000000f3e56fb620
Event: 345.960 Thread 0x000002ca7031d000 DEOPT UNPACKING pc=0x000002ca0004a95e sp=0x000000f3e56faaa8 mode 0
Event: 345.985 Thread 0x000002ca7031d000 Uncommon trap: trap_request=0xffffff4d fr.pc=0x000002ca086ec494 relative=0x0000000000000254
Event: 345.985 Thread 0x000002ca7031d000 Uncommon trap: reason=unstable_if action=reinterpret pc=0x000002ca086ec494 method=org.eclipse.jdt.internal.compiler.classfmt.ClassFileStruct.utf8At(II)[C @ 46 c2
Event: 345.985 Thread 0x000002ca7031d000 DEOPT PACKING pc=0x000002ca086ec494 sp=0x000000f3e56fb340
Event: 345.985 Thread 0x000002ca7031d000 DEOPT UNPACKING pc=0x000002ca0004a1af sp=0x000000f3e56fb2d8 mode 2

Classes redefined (0 events):
No events

Internal exceptions (20 events):
Event: 320.484 Thread 0x000002ca21f76800 Exception <a 'java/lang/InterruptedException'{0x00000000af800040}: sleep interrupted> (0x00000000af800040) thrown at [./src/hotspot/share/prims/jvm.cpp, line 3128]
Event: 325.571 Thread 0x000002ca7031d000 Exception <a 'java/lang/NoSuchMethodError'{0x00000000acf3a4c0}: 'java.lang.Object java.lang.invoke.DirectMethodHandle$Holder.invokeStaticInit(java.lang.Object, int)'> (0x00000000acf3a4c0) thrown at [./src/hotspot/share/interpreter/linkResolver.cpp, line 773]
Event: 325.666 Thread 0x000002ca7031d000 Exception <a 'java/lang/NoSuchMethodError'{0x00000000ace7b558}: 'int java.lang.invoke.DelegatingMethodHandle$Holder.reinvoke_L(java.lang.Object, java.lang.Object, java.lang.Object, long, int, int)'> (0x00000000ace7b558) thrown at [./src/hotspot/share/interpreter/linkResolver.cpp, line 773]
Event: 325.670 Thread 0x000002ca7031d000 Exception <a 'java/lang/NoSuchMethodError'{0x00000000ace88a28}: 'int java.lang.invoke.DelegatingMethodHandle$Holder.reinvoke_L(java.lang.Object, java.lang.Object, java.lang.Object, long, long, long)'> (0x00000000ace88a28) thrown at [./src/hotspot/share/interpreter/linkResolver.cpp, line 773]
Event: 325.676 Thread 0x000002ca7031d000 Exception <a 'java/lang/NoSuchMethodError'{0x00000000ace960f0}: 'int java.lang.invoke.DelegatingMethodHandle$Holder.reinvoke_L(java.lang.Object, java.lang.Object, java.lang.Object, long, java.lang.Object, java.lang.Object)'> (0x00000000ace960f0) thrown at [./src/hotspot/share/interpreter/linkResolver.cpp, line 773]
Event: 325.683 Thread 0x000002ca7031d000 Exception <a 'java/lang/NoSuchMethodError'{0x00000000acea3bf0}: 'void java.lang.invoke.DelegatingMethodHandle$Holder.reinvoke_L(java.lang.Object, java.lang.Object, java.lang.Object, long, java.lang.Object)'> (0x00000000acea3bf0) thrown at [./src/hotspot/share/interpreter/linkResolver.cpp, line 773]
Event: 325.686 Thread 0x000002ca7031d000 Exception <a 'java/lang/NoSuchMethodError'{0x00000000aceaa790}: 'java.lang.Object java.lang.invoke.DirectMethodHandle$Holder.invokeSpecial(java.lang.Object, java.lang.Object, java.lang.Object, java.lang.Object, long)'> (0x00000000aceaa790) thrown at [./src/hotspot/share/interpreter/linkResolver.cpp, line 773]
Event: 325.687 Thread 0x000002ca7031d000 Exception <a 'java/lang/NoSuchMethodError'{0x00000000aceae238}: 'java.lang.Object java.lang.invoke.DelegatingMethodHandle$Holder.reinvoke_L(java.lang.Object, java.lang.Object, java.lang.Object, long)'> (0x00000000aceae238) thrown at [./src/hotspot/share/interpreter/linkResolver.cpp, line 773]
Event: 325.699 Thread 0x000002ca7031d000 Exception <a 'java/lang/NoSuchMethodError'{0x00000000aced7a88}: 'long java.lang.invoke.Invokers$Holder.invoke_MT(java.lang.Object, java.lang.Object, java.lang.Object, java.lang.Object)'> (0x00000000aced7a88) thrown at [./src/hotspot/share/interpreter/linkResolver.cpp, line 773]
Event: 325.700 Thread 0x000002ca7031d000 Exception <a 'java/lang/NoSuchMethodError'{0x00000000acedb7a0}: 'long java.lang.invoke.DelegatingMethodHandle$Holder.reinvoke_L(java.lang.Object, java.lang.Object, java.lang.Object)'> (0x00000000acedb7a0) thrown at [./src/hotspot/share/interpreter/linkResolver.cpp, line 773]
Event: 325.706 Thread 0x000002ca7031d000 Exception <a 'java/lang/NoSuchMethodError'{0x00000000acef0658}: 'int java.lang.invoke.DelegatingMethodHandle$Holder.reinvoke_L(java.lang.Object, java.lang.Object, java.lang.Object, long, int)'> (0x00000000acef0658) thrown at [./src/hotspot/share/interpreter/linkResolver.cpp, line 773]
Event: 325.709 Thread 0x000002ca7031d000 Exception <a 'java/lang/NoSuchMethodError'{0x00000000acd03290}: 'java.lang.Object java.lang.invoke.Invokers$Holder.invokeExact_MT(java.lang.Object, java.lang.Object, long, java.lang.Object)'> (0x00000000acd03290) thrown at [./src/hotspot/share/interpreter/linkResolver.cpp, line 773]
Event: 330.180 Thread 0x000002ca7031d000 Exception <a 'java/lang/NoSuchMethodError'{0x00000000b0ce56b0}: 'long java.lang.invoke.DirectMethodHandle$Holder.invokeStatic(java.lang.Object)'> (0x00000000b0ce56b0) thrown at [./src/hotspot/share/interpreter/linkResolver.cpp, line 773]
Event: 330.183 Thread 0x000002ca7031d000 Exception <a 'java/lang/NoSuchMethodError'{0x00000000b0ce89a8}: 'long java.lang.invoke.DirectMethodHandle$Holder.invokeStaticInit(java.lang.Object)'> (0x00000000b0ce89a8) thrown at [./src/hotspot/share/interpreter/linkResolver.cpp, line 773]
Event: 332.679 Thread 0x000002ca7031d000 Exception <a 'java/lang/NoSuchMethodError'{0x00000000af12ed58}: 'int java.lang.invoke.DirectMethodHandle$Holder.invokeSpecialIFC(java.lang.Object, java.lang.Object, java.lang.Object, java.lang.Object)'> (0x00000000af12ed58) thrown at [./src/hotspot/share/interpreter/linkResolver.cpp, line 773]
Event: 336.071 Thread 0x000002ca7031d000 Exception <a 'java/lang/NoSuchMethodError'{0x00000000acf7b9a8}: 'void java.lang.invoke.DirectMethodHandle$Holder.invokeStaticInit(java.lang.Object, java.lang.Object, java.lang.Object)'> (0x00000000acf7b9a8) thrown at [./src/hotspot/share/interpreter/linkResolver.cpp, line 773]
Event: 338.742 Thread 0x000002ca7031d000 Exception <a 'java/lang/NoSuchMethodError'{0x00000000ab8650e8}: 'java.lang.Object java.lang.invoke.DelegatingMethodHandle$Holder.reinvoke_L(java.lang.Object, java.lang.Object, long)'> (0x00000000ab8650e8) thrown at [./src/hotspot/share/interpreter/linkResolver.cpp, line 773]
Event: 338.770 Thread 0x000002ca7031d000 Exception <a 'java/lang/NoSuchMethodError'{0x00000000ab8ac5a0}: 'java.lang.Object java.lang.invoke.DirectMethodHandle$Holder.newInvokeSpecial(java.lang.Object, java.lang.Object, java.lang.Object)'> (0x00000000ab8ac5a0) thrown at [./src/hotspot/share/interpreter/linkResolver.cpp, line 773]
Event: 341.754 Thread 0x000002ca7031d000 Implicit null exception at 0x000002ca07c4aace to 0x000002ca07c4ac34
Event: 344.127 Thread 0x000002ca7031d000 Exception <a 'java/lang/IncompatibleClassChangeError'{0x00000000aeaf0450}: Found class java.lang.Object, but interface was expected> (0x00000000aeaf0450) thrown at [./src/hotspot/share/interpreter/linkResolver.cpp, line 839]

Events (20 events):
Event: 346.100 loading class org/eclipse/jdt/internal/compiler/lookup/InferenceVariable$InferenceVarKey
Event: 346.100 loading class org/eclipse/jdt/internal/compiler/lookup/InferenceVariable$InferenceVarKey done
Event: 346.102 loading class org/eclipse/jdt/internal/compiler/lookup/InferenceSubstitution$1
Event: 346.102 loading class org/eclipse/jdt/internal/compiler/lookup/InferenceSubstitution$1 done
Event: 346.103 loading class org/eclipse/jdt/internal/compiler/lookup/BoundSet$ThreeSets
Event: 346.103 loading class org/eclipse/jdt/internal/compiler/lookup/BoundSet$ThreeSets done
Event: 346.105 loading class org/eclipse/jdt/internal/compiler/lookup/InferenceContext18$2
Event: 346.105 loading class org/eclipse/jdt/internal/compiler/lookup/InferenceContext18$2 done
Event: 346.106 loading class org/eclipse/jdt/internal/compiler/lookup/InferenceContext18$3
Event: 346.106 loading class org/eclipse/jdt/internal/compiler/lookup/InferenceContext18$3 done
Event: 346.109 loading class org/eclipse/jdt/internal/compiler/ast/CaseStatement$ResolvedCase
Event: 346.109 loading class org/eclipse/jdt/internal/compiler/ast/CaseStatement$ResolvedCase done
Event: 346.111 loading class org/eclipse/jdt/internal/compiler/impl/Constant
Event: 346.111 loading class org/eclipse/jdt/internal/compiler/impl/Constant done
Event: 346.112 loading class org/eclipse/jdt/internal/compiler/ast/SwitchStatement
Event: 346.112 loading class org/eclipse/jdt/internal/compiler/ast/SwitchStatement done
Event: 346.112 loading class java/util/function/IntPredicate
Event: 346.113 loading class java/util/function/IntPredicate done
Event: 346.122 loading class org/eclipse/jdt/internal/compiler/lookup/ParameterizedGenericMethodBinding$LingeringTypeVariableEliminator
Event: 346.122 loading class org/eclipse/jdt/internal/compiler/lookup/ParameterizedGenericMethodBinding$LingeringTypeVariableEliminator done


Dynamic libraries:
0x00007ff67bb90000 - 0x00007ff67bb9d000 	C:\Users\ \.jdks\liberica-11.0.17\bin\java.exe
0x00007ff9ab650000 - 0x00007ff9ab848000 	C:\windows\SYSTEM32\ntdll.dll
0x00007ff9aae30000 - 0x00007ff9aaeef000 	C:\windows\System32\KERNEL32.DLL
0x00007ff9a9150000 - 0x00007ff9a9422000 	C:\windows\System32\KERNELBASE.dll
0x00007ff9a8e20000 - 0x00007ff9a8f20000 	C:\windows\System32\ucrtbase.dll
0x00007ff9a0810000 - 0x00007ff9a0827000 	C:\Users\ \.jdks\liberica-11.0.17\bin\jli.dll
0x00007ff9a0640000 - 0x00007ff9a0655000 	C:\Users\ \.jdks\liberica-11.0.17\bin\VCRUNTIME140.dll
0x00007ff9aaad0000 - 0x00007ff9aac71000 	C:\windows\System32\USER32.dll
0x00007ff9a7980000 - 0x00007ff9a7c1a000 	C:\windows\WinSxS\amd64_microsoft.windows.common-controls_6595b64144ccf1df_6.0.19041.1110_none_60b5254171f9507e\COMCTL32.dll
0x00007ff9a9120000 - 0x00007ff9a9142000 	C:\windows\System32\win32u.dll
0x00007ff9ab0a0000 - 0x00007ff9ab13e000 	C:\windows\System32\msvcrt.dll
0x00007ff9aaaa0000 - 0x00007ff9aaacb000 	C:\windows\System32\GDI32.dll
0x00007ff9a94d0000 - 0x00007ff9a95df000 	C:\windows\System32\gdi32full.dll
0x00007ff9a9430000 - 0x00007ff9a94cd000 	C:\windows\System32\msvcp_win.dll
0x00007ff9aa230000 - 0x00007ff9aa262000 	C:\windows\System32\IMM32.DLL
0x00007ff9868c0000 - 0x00007ff98695b000 	C:\Users\ \.jdks\liberica-11.0.17\bin\msvcp140.dll
0x00007ff9667a0000 - 0x00007ff96731d000 	C:\Users\ \.jdks\liberica-11.0.17\bin\server\jvm.dll
0x00007ff9a9840000 - 0x00007ff9a98ee000 	C:\windows\System32\ADVAPI32.dll
0x00007ff9aa2d0000 - 0x00007ff9aa36c000 	C:\windows\System32\sechost.dll
0x00007ff9aac80000 - 0x00007ff9aada5000 	C:\windows\System32\RPCRT4.dll
0x00007ff9a9690000 - 0x00007ff9a9698000 	C:\windows\System32\PSAPI.DLL
0x00007ff9a71b0000 - 0x00007ff9a71d7000 	C:\windows\SYSTEM32\WINMM.dll
0x00007ff9a2910000 - 0x00007ff9a291a000 	C:\windows\SYSTEM32\VERSION.dll
0x00007ff98c570000 - 0x00007ff98c579000 	C:\windows\SYSTEM32\WSOCK32.dll
0x00007ff9aa4b0000 - 0x00007ff9aa51b000 	C:\windows\System32\WS2_32.dll
0x00007ff9a68b0000 - 0x00007ff9a68c2000 	C:\windows\SYSTEM32\kernel.appcore.dll
0x00007ff9a6110000 - 0x00007ff9a6120000 	C:\Users\ \.jdks\liberica-11.0.17\bin\verify.dll
0x00007ff991590000 - 0x00007ff991774000 	C:\windows\SYSTEM32\DBGHELP.DLL
0x00007ff98beb0000 - 0x00007ff98bee5000 	C:\windows\SYSTEM32\dbgcore.DLL
0x00007ff9a8d90000 - 0x00007ff9a8e12000 	C:\windows\System32\bcryptPrimitives.dll
0x00007ff994250000 - 0x00007ff994278000 	C:\Users\ \.jdks\liberica-11.0.17\bin\java.dll
0x00007ff9a4510000 - 0x00007ff9a451a000 	C:\Users\ \.jdks\liberica-11.0.17\bin\jimage.dll
0x00007ff9a44f0000 - 0x00007ff9a44fe000 	C:\Users\ \.jdks\liberica-11.0.17\bin\instrument.dll
0x00007ff9941f0000 - 0x00007ff994208000 	C:\Users\ \.jdks\liberica-11.0.17\bin\zip.dll
0x00007ff9a9a80000 - 0x00007ff9aa1c4000 	C:\windows\System32\SHELL32.dll
0x00007ff9a71e0000 - 0x00007ff9a7972000 	C:\windows\SYSTEM32\windows.storage.dll
0x00007ff9aa720000 - 0x00007ff9aaa75000 	C:\windows\System32\combase.dll
0x00007ff9a86c0000 - 0x00007ff9a86f0000 	C:\windows\SYSTEM32\Wldp.dll
0x00007ff9a98f0000 - 0x00007ff9a999d000 	C:\windows\System32\SHCORE.dll
0x00007ff9ab5b0000 - 0x00007ff9ab605000 	C:\windows\System32\shlwapi.dll
0x00007ff9a8c80000 - 0x00007ff9a8c9f000 	C:\windows\SYSTEM32\profapi.dll
0x00007ff9934b0000 - 0x00007ff9934c9000 	C:\Users\ \.jdks\liberica-11.0.17\bin\net.dll
0x00007ff9a0e50000 - 0x00007ff9a0f5c000 	C:\windows\SYSTEM32\WINHTTP.dll
0x00007ff9a83d0000 - 0x00007ff9a843a000 	C:\windows\system32\mswsock.dll
0x00007ff992ad0000 - 0x00007ff992ae3000 	C:\Users\ \.jdks\liberica-11.0.17\bin\nio.dll
0x00007ff991110000 - 0x00007ff99112a000 	C:\Program Files\JetBrains\IntelliJ IDEA Community Edition 2021.2.2\bin\breakgen64.dll
0x00007ff9a8610000 - 0x00007ff9a8628000 	C:\windows\SYSTEM32\CRYPTSP.dll
0x000000005dd80000 - 0x000000005dd99000 	C:\Program Files\Common Files\Crypto Pro\AppCompat\cpadvai.dll
0x00007ff9a7d00000 - 0x00007ff9a7d34000 	C:\windows\system32\rsaenh.dll
0x00007ff9a8f20000 - 0x00007ff9a8f47000 	C:\windows\System32\bcrypt.dll
0x00007ff9a8c40000 - 0x00007ff9a8c6e000 	C:\windows\SYSTEM32\USERENV.dll
0x00007ff9a8630000 - 0x00007ff9a863c000 	C:\windows\SYSTEM32\CRYPTBASE.dll
0x00007ff9a80e0000 - 0x00007ff9a811b000 	C:\windows\SYSTEM32\IPHLPAPI.DLL
0x00007ff9aa5f0000 - 0x00007ff9aa5f8000 	C:\windows\System32\NSI.dll
0x00007ff9a1550000 - 0x00007ff9a1567000 	C:\windows\SYSTEM32\dhcpcsvc6.DLL
0x00007ff9a1520000 - 0x00007ff9a153d000 	C:\windows\SYSTEM32\dhcpcsvc.DLL
0x00007ff9a8120000 - 0x00007ff9a81ea000 	C:\windows\SYSTEM32\DNSAPI.dll
0x00007ff9a4460000 - 0x00007ff9a446a000 	C:\Users\ \AppData\Local\Temp\jansi-1.17.1-7147759724689327133.dll
0x00007ff9a43b0000 - 0x00007ff9a43ba000 	C:\Users\ \AppData\Local\Temp\jansi-1.17.1-51701151828170286.dll
0x00007ff99f830000 - 0x00007ff99f83e000 	C:\Users\ \.jdks\liberica-11.0.17\bin\sunmscapi.dll
0x00007ff9a8fc0000 - 0x00007ff9a9116000 	C:\windows\System32\CRYPT32.dll
0x00007ff9a8730000 - 0x00007ff9a8757000 	C:\windows\SYSTEM32\ncrypt.dll
0x000000005dda0000 - 0x000000005ddc5000 	C:\Program Files\Common Files\Crypto Pro\AppCompat\cpcrypt.dll
0x00007ff9a86f0000 - 0x00007ff9a872b000 	C:\windows\SYSTEM32\NTASN1.dll
0x00007ff98c380000 - 0x00007ff98c3a5000 	C:\Users\ \.jdks\liberica-11.0.17\bin\sunec.dll
0x00007ff99a4b0000 - 0x00007ff99a4ba000 	C:\Windows\System32\rasadhlp.dll
0x00007ff998da0000 - 0x00007ff998e20000 	C:\windows\System32\fwpuclnt.dll

dbghelp: loaded successfully - version: 4.0.5 - missing functions: none
symbol engine: initialized successfully - sym options: 0x614 - pdb path: .;C:\Users\ \.jdks\liberica-11.0.17\bin;C:\windows\SYSTEM32;C:\windows\WinSxS\amd64_microsoft.windows.common-controls_6595b64144ccf1df_6.0.19041.1110_none_60b5254171f9507e;C:\Users\ \.jdks\liberica-11.0.17\bin\server;C:\Program Files\JetBrains\IntelliJ IDEA Community Edition 2021.2.2\bin;C:\Program Files\Common Files\Crypto Pro\AppCompat;C:\Users\ \AppData\Local\Temp

VM Arguments:
jvm_args: -Dmaven.multiModuleProjectDirectory=D:\javaproTeams30Backend -Dmaven.home=C:\Program Files\JetBrains\IntelliJ IDEA Community Edition 2021.2.2\plugins\maven\lib\maven3 -Dclassworlds.conf=C:\Program Files\JetBrains\IntelliJ IDEA Community Edition 2021.2.2\plugins\maven\lib\maven3\bin\m2.conf -Dmaven.ext.class.path=C:\Program Files\JetBrains\IntelliJ IDEA Community Edition 2021.2.2\plugins\maven\lib\maven-event-listener.jar -javaagent:C:\Program Files\JetBrains\IntelliJ IDEA Community Edition 2021.2.2\lib\idea_rt.jar=58474:C:\Program Files\JetBrains\IntelliJ IDEA Community Edition 2021.2.2\bin -Dfile.encoding=UTF-8 
java_command: org.codehaus.classworlds.Launcher -Didea.version=2021.2.2 -DskipTests=true clean verify sonar:sonar -X\ -Dsonar.projectKey=Group \ -Dsonar.host.url=http:localhost:9000 \ -Dsonar.login=sqp_dafac3d59d8ee5f4f52ea6693ba6c6ee9ddcdb02 \ -Pcoverage
java_class_path (initial): C:\Program Files\JetBrains\IntelliJ IDEA Community Edition 2021.2.2\plugins\maven\lib\maven3\boot\plexus-classworlds-2.6.0.jar;C:\Program Files\JetBrains\IntelliJ IDEA Community Edition 2021.2.2\plugins\maven\lib\maven3\boot\plexus-classworlds.license
Launcher Type: SUN_STANDARD

[Global flags]
     intx CICompilerCount                          = 4                                         {product} {ergonomic}
     uint ConcGCThreads                            = 2                                         {product} {ergonomic}
     uint G1ConcRefinementThreads                  = 8                                         {product} {ergonomic}
   size_t G1HeapRegionSize                         = 1048576                                   {product} {ergonomic}
    uintx GCDrainStackTargetSize                   = 64                                        {product} {ergonomic}
   size_t InitialHeapSize                          = 100663296                                 {product} {ergonomic}
   size_t MarkStackSize                            = 4194304                                   {product} {ergonomic}
   size_t MaxHeapSize                              = 1579155456                                {product} {ergonomic}
   size_t MaxNewSize                               = 946864128                                 {product} {ergonomic}
   size_t MinHeapDeltaBytes                        = 1048576                                   {product} {ergonomic}
    uintx NonNMethodCodeHeapSize                   = 5836300                                {pd product} {ergonomic}
    uintx NonProfiledCodeHeapSize                  = 122910970                              {pd product} {ergonomic}
    uintx ProfiledCodeHeapSize                     = 122910970                              {pd product} {ergonomic}
    uintx ReservedCodeCacheSize                    = 251658240                              {pd product} {ergonomic}
     bool SegmentedCodeCache                       = true                                      {product} {ergonomic}
     bool UseCompressedClassPointers               = true                                 {lp64_product} {ergonomic}
     bool UseCompressedOops                        = true                                 {lp64_product} {ergonomic}
     bool UseG1GC                                  = true                                      {product} {ergonomic}
     bool UseLargePagesIndividualAllocation        = false                                  {pd product} {ergonomic}

Logging:
Log output configuration:
 #0: stdout all=warning uptime,level,tags
 #1: stderr all=off uptime,level,tags

Environment Variables:
PATH=C:\Program Files\Eclipse Adoptium\jdk-11.0.15.10-hotspot\bin;C:\Program Files (x86)\Common Files\Oracle\Java\javapath;C:\windows\system32;C:\windows;C:\windows\System32\Wbem;C:\windows\System32\WindowsPowerShell\v1.0\;C:\windows\System32\OpenSSH\;C:\Program Files\Git\cmd;C:\Program Files (x86)\Bitvise SSH Client;C:\Program Files\TortoiseGit\bin;C:\Dwimperl\perl\bin;C:\Dwimperl\perl\site\bin;C:\Dwimperl\c\bin;C:\Program Files\Meld\;C:\Program Files\Docker\Docker\resources\bin;%ZOOKEEPER_HOME%\bin;C:\Program Files\MySQL\MySQL Shell 8.0\bin\;C:\Ruby30-x64\bin;C:\Users\ \AppData\Local\Microsoft\WindowsApps;C:\Users\ \AppData\Local\GitHubDesktop\bin;C:\Users\ \AppData\Local\Programs\Microsoft VS Code\bin;C:\Program Files\heroku\bin;
USERNAME= 
OS=Windows_NT
PROCESSOR_IDENTIFIER=AMD64 Family 23 Model 24 Stepping 1, AuthenticAMD
TMP=C:\Users\271F~1\AppData\Local\Temp
TEMP=C:\Users\271F~1\AppData\Local\Temp



---------------  S Y S T E M  ---------------

OS: Windows 10 , 64 bit Build 19041 (10.0.19041.2364)
OS uptime: 16 days 3:43 hours
Hyper-V role detected

CPU:total 8 (initial active 8) (8 cores per cpu, 2 threads per core) family 23 model 24 stepping 1 microcode 0x0, cmov, cx8, fxsr, mmx, sse, sse2, sse3, ssse3, sse4.1, sse4.2, popcnt, avx, avx2, aes, clmul, mmxext, 3dnowpref, lzcnt, sse4a, ht, tsc, tscinvbit, tscinv, bmi1, bmi2, adx, sha, fma

Memory: 4k page, system-wide physical 6020M (206M free)
TotalPageFile size 24452M (AvailPageFile size 2M)
current process WorkingSet (physical memory assigned to process): 311M, peak: 342M
current process commit charge ("private bytes"): 569M, peak: 570M

vm_info: OpenJDK 64-Bit Server VM (11.0.17+7-LTS) for windows-amd64 JRE (11.0.17+7-LTS), built on Oct 14 2022 01:11:41 by "" with MS VC++ 15.9 (VS2017)

END.
